Evaluating  ['../camera_calibration/outputs/fixed_angle_dat_info/2020-01-14_15-44-37.txt', '../camera_calibration/outputs/fixed_angle_dat_info/2020-01-14_15-45-14.txt'] ['../real_robot_data/Jan14_2020_Control_Signals/control_take27.csg', '../real_robot_data/Jan14_2020_Control_Signals/control_take28.csg']
Reading ground truth data and control signals...
Data read successfully.
Initial Guess:  [1. 1. 1. 1.]
Initial Loss:  [161.54108908]
(4_w,8)-aCMA-ES (mu_w=2.6,w_1=52%) in dimension 4 (seed=764845, Mon Feb 24 15:52:08 2020)
Iterat #Fevals   function value  axis ratio  sigma  min&max std  t[m:s]
    1      8 1.322161649508923e+02 1.0e+00 4.73e-01  4e-01  5e-01 0:01.2
    2     16 1.357314014867894e+02 1.3e+00 4.47e-01  3e-01  5e-01 0:02.4
    3     24 1.299512921911549e+02 1.6e+00 3.83e-01  3e-01  4e-01 0:03.6
    6     48 1.122084266975417e+02 2.8e+00 4.52e-01  3e-01  6e-01 0:07.2
   10     80 8.946027223769092e+01 3.8e+00 5.08e-01  4e-01  6e-01 0:11.9
   15    120 7.842732634321715e+01 7.4e+00 5.76e-01  5e-01  7e-01 0:17.8
   21    168 5.360889844355966e+01 9.2e+00 4.58e-01  3e-01  5e-01 0:25.0
   27    216 4.678318354446974e+01 7.0e+00 5.76e-01  4e-01  5e-01 0:32.2
   34    272 3.289355252232594e+01 9.7e+00 5.31e-01  3e-01  5e-01 0:40.5
   42    336 3.443307272860179e+01 1.2e+01 3.47e-01  2e-01  2e-01 0:50.1
   51    408 3.146013478502858e+01 1.3e+01 2.63e-01  9e-02  1e-01 1:00.8
   61    488 3.086509653880578e+01 2.9e+01 3.32e-01  7e-02  2e-01 1:12.7
   72    576 3.079897854153693e+01 4.0e+01 8.64e-02  1e-02  3e-02 1:25.9
   83    664 3.079532396594223e+01 9.1e+01 4.01e-02  4e-03  2e-02 1:38.9
   95    760 3.079521286472681e+01 2.2e+02 1.62e-02  2e-03  9e-03 1:53.3
  100    800 3.079521040499226e+01 4.9e+02 1.18e-02  1e-03  9e-03 1:59.2
  114    912 3.079520613136516e+01 1.7e+03 2.49e-03  3e-04  2e-03 2:15.8
  129   1032 3.079520608338100e+01 2.9e+03 7.79e-04  6e-05  4e-04 2:33.7
  145   1160 3.079520607701109e+01 1.2e+04 4.33e-04  5e-05  3e-04 2:52.8
  161   1288 3.079520607490268e+01 4.1e+04 1.70e-04  2e-05  1e-04 3:11.8
  178   1424 3.079520607400168e+01 7.9e+04 5.42e-05  5e-06  3e-05 3:32.1
  196   1568 3.079520607395376e+01 1.6e+05 1.72e-05  1e-06  8e-06 3:53.6
  200   1600 3.079520607395725e+01 2.1e+05 1.41e-05  1e-06  7e-06 3:58.3
  219   1752 3.079520607395044e+01 7.5e+05 1.15e-05  1e-06  6e-06 4:20.9
termination on tolfun=1e-11 (Mon Feb 24 15:56:30 2020)
final/bestever f-value = 3.079521e+01 3.079521e+01
incumbent solution: [-3.6584018364765787, -0.7159330294822731, -0.6458491629478643, -3.0954420936446283]
std deviation: [6.050093832575559e-06, 1.057226924272314e-06, 9.994553330258267e-07, 3.3227387024768245e-06]
termination on tolfun=1e-11
final/bestever f-value = 3.079521e+01 3.079521e+01
incumbent solution: [-3.6584018364765787, -0.7159330294822731, -0.6458491629478643, -3.0954420936446283]
std deviation: [6.050093832575559e-06, 1.057226924272314e-06, 9.994553330258267e-07, 3.3227387024768245e-06]
CMAEvolutionStrategyResult(xbest=array([-3.65840353, -0.71593331, -0.64584892, -3.09544138]), fbest=30.79520607395044, evals_best=1752, evaluations=1753, iterations=219, xfavorite=array([-3.65840184, -0.71593303, -0.64584916, -3.09544209]), stds=array([6.05009383e-06, 1.05722692e-06, 9.99455333e-07, 3.32273870e-06]), stop={'tolfun': 1e-11})
Final coefficients:  [0.05025208 0.65657825 0.68785116 0.08659137]
Final Loss:  [30.79520607]
Running time for CSG 27: 262.0640037059784
