Evaluating  ['../camera_calibration/outputs/fixed_angle_dat_info/2020-01-14_15-11-38.txt', '../camera_calibration/outputs/fixed_angle_dat_info/2020-01-14_15-14-15.txt'] ['../real_robot_data/Jan14_2020_Control_Signals/control_take01.csg', '../real_robot_data/Jan14_2020_Control_Signals/control_take02.csg']
Reading ground truth data and control signals...
Data read successfully.
Initial Guess:  [1. 1. 1. 1.]
Initial Loss:  [132.05097653]
(4_w,8)-aCMA-ES (mu_w=2.6,w_1=52%) in dimension 4 (seed=687710, Mon Feb 24 15:28:27 2020)
Iterat #Fevals   function value  axis ratio  sigma  min&max std  t[m:s]
    1      8 1.090018509512219e+02 1.0e+00 4.46e-01  4e-01  5e-01 0:01.4
    2     16 9.336969525188881e+01 1.3e+00 3.82e-01  3e-01  4e-01 0:02.8
    3     24 9.478740001358037e+01 1.4e+00 3.76e-01  3e-01  4e-01 0:04.0
    6     48 9.080054460732626e+01 2.0e+00 2.88e-01  2e-01  3e-01 0:07.9
   10     80 8.243750314341740e+01 4.3e+00 2.67e-01  2e-01  3e-01 0:12.9
   15    120 6.798519473917067e+01 7.7e+00 3.12e-01  2e-01  5e-01 0:19.1
   20    160 5.012815553614814e+01 1.4e+01 7.09e-01  5e-01  1e+00 0:25.4
   26    208 4.605150176331180e+01 1.7e+01 4.34e-01  2e-01  7e-01 0:32.9
   33    264 4.068001533146140e+01 2.8e+01 2.95e-01  2e-01  4e-01 0:41.6
   41    328 3.992727710702732e+01 4.1e+01 1.25e-01  7e-02  1e-01 0:51.6
   50    400 3.987098593131777e+01 3.2e+01 1.01e-01  3e-02  9e-02 1:02.7
   59    472 3.985326598389425e+01 3.9e+01 4.25e-02  1e-02  3e-02 1:13.8
   69    552 3.985109233536691e+01 7.2e+01 1.72e-02  4e-03  1e-02 1:26.1
   80    640 3.985090865878129e+01 2.4e+02 4.44e-03  9e-04  3e-03 1:39.7
   92    736 3.985090833844284e+01 4.7e+02 2.06e-03  4e-04  2e-03 1:54.5
  100    800 3.985090814124874e+01 5.9e+02 1.07e-03  2e-04  8e-04 2:04.5
  113    904 3.985090812036304e+01 9.7e+02 7.33e-04  1e-04  5e-04 2:20.6
  127   1016 3.985090810720300e+01 2.2e+03 3.27e-04  6e-05  2e-04 2:37.9
  142   1136 3.985090810285433e+01 3.2e+03 1.73e-04  3e-05  1e-04 2:56.4
  158   1264 3.985090810254312e+01 7.8e+03 7.68e-05  1e-05  6e-05 3:16.2
  175   1400 3.985090810233379e+01 2.0e+04 4.21e-05  8e-06  3e-05 3:37.3
  192   1536 3.985090810235529e+01 4.8e+04 1.33e-05  2e-06  8e-06 3:58.4
  200   1600 3.985090810234092e+01 4.6e+04 8.57e-06  1e-06  4e-06 4:08.2
  219   1752 3.985090810233431e+01 6.7e+04 5.78e-06  7e-07  3e-06 4:31.7
  222   1776 3.985090810233326e+01 8.6e+04 6.64e-06  8e-07  3e-06 4:35.5
termination on tolfun=1e-11 (Mon Feb 24 15:33:03 2020)
final/bestever f-value = 3.985091e+01 3.985091e+01
incumbent solution: [-1.0228081369761954, 0.10316583205439603, -1.3326802765605434, -2.646615463895776]
std deviation: [9.53812225281531e-07, 7.51714256311008e-07, 1.1920231114861843e-06, 3.1955081505886335e-06]
termination on tolfun=1e-11
final/bestever f-value = 3.985091e+01 3.985091e+01
incumbent solution: [-1.0228081369761954, 0.10316583205439603, -1.3326802765605434, -2.646615463895776]
std deviation: [9.53812225281531e-07, 7.51714256311008e-07, 1.1920231114861843e-06, 3.1955081505886335e-06]
CMAEvolutionStrategyResult(xbest=array([-1.02280779,  0.10316611, -1.33268075, -2.64661674]), fbest=39.85090810233326, evals_best=1773, evaluations=1777, iterations=222, xfavorite=array([-1.02280814,  0.10316583, -1.33268028, -2.64661546]), stds=array([9.53812225e-07, 7.51714256e-07, 1.19202311e-06, 3.19550815e-06]), stop={'tolfun': 1e-11})
Final coefficients:  [0.52896168 1.05153735 0.41743257 0.13239568]
Final Loss:  [39.8509081]
Running time for CSG 1: 276.67308020591736
