Evaluating  ['../camera_calibration/outputs/fixed_angle_dat_info/2020-01-14_15-39-36.txt', '../camera_calibration/outputs/fixed_angle_dat_info/2020-01-14_15-40-02.txt'] ['../real_robot_data/Jan14_2020_Control_Signals/control_take21.csg', '../real_robot_data/Jan14_2020_Control_Signals/control_take22.csg']
Reading ground truth data and control signals...
Data read successfully.
Initial Guess:  [1. 1. 1. 1.]
Initial Loss:  [115.27151742]
(4_w,8)-aCMA-ES (mu_w=2.6,w_1=52%) in dimension 4 (seed=624387, Mon Feb 24 15:44:12 2020)
Iterat #Fevals   function value  axis ratio  sigma  min&max std  t[m:s]
    1      8 1.039819805394622e+02 1.0e+00 4.56e-01  4e-01  5e-01 0:01.2
    2     16 7.483498926962159e+01 1.2e+00 5.22e-01  5e-01  6e-01 0:02.4
    3     24 7.399001026155028e+01 1.6e+00 6.18e-01  5e-01  7e-01 0:03.6
    6     48 5.037259361145748e+01 2.6e+00 7.42e-01  6e-01  1e+00 0:07.1
   10     80 5.647783651842096e+01 4.9e+00 1.11e+00  1e+00  2e+00 0:11.9
   15    120 5.825965418976180e+01 5.6e+00 1.00e+00  9e-01  1e+00 0:17.9
   21    168 3.610483994390959e+01 7.8e+00 6.17e-01  5e-01  7e-01 0:25.0
   27    216 3.102007179435151e+01 1.2e+01 4.79e-01  4e-01  5e-01 0:32.2
   34    272 2.289016097135111e+01 1.3e+01 2.56e-01  1e-01  2e-01 0:40.6
   42    336 2.033193174816489e+01 2.2e+01 1.29e-01  4e-02  1e-01 0:50.2
   51    408 2.028669992233366e+01 2.7e+01 4.32e-02  8e-03  3e-02 1:01.0
   61    488 2.028277677622317e+01 6.6e+01 1.63e-02  3e-03  1e-02 1:13.1
   72    576 2.028252516429654e+01 1.4e+02 9.24e-03  1e-03  6e-03 1:26.2
   83    664 2.028249967206837e+01 3.5e+02 2.58e-03  3e-04  2e-03 1:39.4
   95    760 2.028249800354823e+01 9.1e+02 1.33e-03  2e-04  1e-03 1:53.8
  100    800 2.028249754070560e+01 1.3e+03 9.08e-04  1e-04  7e-04 1:59.8
  114    912 2.028249735049039e+01 2.3e+03 1.61e-04  2e-05  8e-05 2:16.5
  129   1032 2.028249733836800e+01 6.3e+03 7.07e-05  9e-06  4e-05 2:34.5
  145   1160 2.028249733558078e+01 3.0e+04 2.59e-05  4e-06  2e-05 2:53.7
  161   1288 2.028249733527732e+01 9.1e+04 9.54e-06  1e-06  7e-06 3:12.8
  178   1424 2.028249733526165e+01 3.6e+05 3.13e-06  5e-07  2e-06 3:33.3
  196   1568 2.028249733525992e+01 1.0e+00 1.30e-06  1e-06  1e-06 3:54.9
termination on tolfun=1e-11 (Mon Feb 24 15:48:07 2020)
final/bestever f-value = 2.028250e+01 2.028250e+01
incumbent solution: [-1.8610887231952802, -0.5765490086987484, -1.0049229400647164, -2.9712869359427714]
std deviation: [1.2821838567076436e-06, 1.250207528228213e-06, 1.2821116234068802e-06, 1.3430535986836497e-06]
termination on tolfun=1e-11
final/bestever f-value = 2.028250e+01 2.028250e+01
incumbent solution: [-1.8610887231952802, -0.5765490086987484, -1.0049229400647164, -2.9712869359427714]
std deviation: [1.2821838567076436e-06, 1.250207528228213e-06, 1.2821116234068802e-06, 1.3430535986836497e-06]
CMAEvolutionStrategyResult(xbest=array([-1.86108864, -0.57654897, -1.004923  , -2.9712872 ]), fbest=20.28249733525992, evals_best=1564, evaluations=1569, iterations=196, xfavorite=array([-1.86108872, -0.57654901, -1.00492294, -2.97128694]), stds=array([1.28218386e-06, 1.25020753e-06, 1.28211162e-06, 1.34305360e-06]), stop={'tolfun': 1e-11})
Final coefficients:  [0.26915242 0.71945413 0.5359492  0.09748002]
Final Loss:  [20.28249734]
Running time for CSG 21: 236.0206708908081
