Evaluating  ['../camera_calibration/outputs/fixed_angle_dat_info/2020-01-14_15-27-31.txt', '../camera_calibration/outputs/fixed_angle_dat_info/2020-01-14_15-28-09.txt'] ['../real_robot_data/Jan14_2020_Control_Signals/control_take11.csg', '../real_robot_data/Jan14_2020_Control_Signals/control_take12.csg']
Reading ground truth data and control signals...
Data read successfully.
Initial Guess:  [1. 1. 1. 1.]
Initial Loss:  [182.50584892]
(4_w,8)-aCMA-ES (mu_w=2.6,w_1=52%) in dimension 4 (seed=661618, Mon Feb 24 15:40:00 2020)
Iterat #Fevals   function value  axis ratio  sigma  min&max std  t[m:s]
    1      8 1.327755893120261e+02 1.0e+00 4.41e-01  4e-01  5e-01 0:01.2
    2     16 1.353104196938433e+02 1.2e+00 3.94e-01  3e-01  4e-01 0:02.5
    3     24 1.380935621134732e+02 1.3e+00 3.25e-01  3e-01  3e-01 0:03.7
    6     48 1.319505242370083e+02 2.1e+00 3.71e-01  3e-01  4e-01 0:07.4
   10     80 1.305351484030084e+02 4.4e+00 2.27e-01  2e-01  2e-01 0:12.4
   15    120 1.225301144825682e+02 8.4e+00 2.32e-01  2e-01  2e-01 0:18.5
   20    160 9.482985125197132e+01 1.5e+01 5.03e-01  4e-01  8e-01 0:24.7
   26    208 9.128919104194266e+01 2.4e+01 3.58e-01  3e-01  5e-01 0:32.1
   33    264 6.746677686299606e+01 2.8e+01 5.91e-01  4e-01  8e-01 0:40.7
   41    328 6.615685918248340e+01 2.8e+01 2.93e-01  2e-01  3e-01 0:50.6
   50    400 6.373216096077940e+01 3.5e+01 2.01e-01  7e-02  2e-01 1:01.7
   59    472 6.349798287612506e+01 4.2e+01 1.39e-01  3e-02  9e-02 1:12.8
   69    552 6.345359637418907e+01 6.4e+01 7.52e-02  8e-03  5e-02 1:25.2
   80    640 6.344768042514790e+01 7.7e+01 4.36e-02  5e-03  2e-02 1:38.7
   92    736 6.344744453786592e+01 1.2e+02 1.08e-02  8e-04  3e-03 1:53.5
  100    800 6.344743809420880e+01 2.3e+02 5.87e-03  4e-04  2e-03 2:03.4
  113    904 6.344743726311523e+01 4.6e+02 2.56e-03  2e-04  9e-04 2:19.5
  127   1016 6.344743701323286e+01 9.5e+02 7.88e-04  4e-05  2e-04 2:36.9
  142   1136 6.344743699191770e+01 1.8e+03 2.49e-04  1e-05  5e-05 2:55.3
  158   1264 6.344743699030946e+01 5.9e+03 5.95e-05  2e-06  1e-05 3:15.2
  175   1400 6.344743699023878e+01 1.7e+04 1.95e-05  7e-07  4e-06 3:36.2
  193   1544 6.344743699022883e+01 8.9e+04 4.47e-06  2e-07  1e-06 3:58.3
  200   1600 6.344743699022801e+01 1.4e+05 3.13e-06  1e-07  8e-07 4:06.9
  202   1616 6.344743699022755e+01 1.4e+05 3.16e-06  1e-07  7e-07 4:09.4
termination on tolfun=1e-11 (Mon Feb 24 15:44:10 2020)
final/bestever f-value = 6.344744e+01 6.344744e+01
incumbent solution: [-0.7864993314039783, -0.06753571334756525, -2.51780816486068, -2.159465601374069]
std deviation: [2.3878763629357816e-07, 1.2985440148033962e-07, 6.837627293040816e-07, 3.1453587431245936e-07]
termination on tolfun=1e-11
final/bestever f-value = 6.344744e+01 6.344744e+01
incumbent solution: [-0.7864993314039783, -0.06753571334756525, -2.51780816486068, -2.159465601374069]
std deviation: [2.3878763629357816e-07, 1.2985440148033962e-07, 6.837627293040816e-07, 3.1453587431245936e-07]
CMAEvolutionStrategyResult(xbest=array([-0.78649915, -0.06753561, -2.5178087 , -2.15946584]), fbest=63.44743699022755, evals_best=1614, evaluations=1617, iterations=202, xfavorite=array([-0.78649933, -0.06753571, -2.51780816, -2.1594656 ]), stds=array([2.38787636e-07, 1.29854401e-07, 6.83762729e-07, 3.14535874e-07]), stop={'tolfun': 1e-11})
Final coefficients:  [0.62584173 0.96624502 0.14923823 0.20689997]
Final Loss:  [63.44743699]
Running time for CSG 11: 250.59612917900085
