Evaluating  ['../camera_calibration/outputs/fixed_angle_dat_info/2020-01-14_15-42-29.txt', '../camera_calibration/outputs/fixed_angle_dat_info/2020-01-14_15-42-57.txt'] ['../real_robot_data/Jan14_2020_Control_Signals/control_take25.csg', '../real_robot_data/Jan14_2020_Control_Signals/control_take26.csg']
Reading ground truth data and control signals...
Data read successfully.
Initial Guess:  [1. 1. 1. 1.]
Initial Loss:  [150.53130063]
(4_w,8)-aCMA-ES (mu_w=2.6,w_1=52%) in dimension 4 (seed=689159, Mon Feb 24 15:48:08 2020)
Iterat #Fevals   function value  axis ratio  sigma  min&max std  t[m:s]
    1      8 1.484275105405938e+02 1.0e+00 4.65e-01  4e-01  5e-01 0:01.3
    2     16 1.329730870789569e+02 1.1e+00 3.86e-01  3e-01  4e-01 0:02.5
    3     24 1.307540107885264e+02 1.4e+00 3.32e-01  2e-01  3e-01 0:03.8
    6     48 1.249435548909355e+02 2.1e+00 3.49e-01  3e-01  4e-01 0:07.6
   10     80 1.112068769834733e+02 4.1e+00 4.93e-01  4e-01  6e-01 0:12.7
   14    112 7.697975414168113e+01 5.4e+00 4.35e-01  3e-01  5e-01 0:17.8
   19    152 6.882003158059752e+01 7.5e+00 4.30e-01  3e-01  4e-01 0:24.2
   25    200 5.869398990499430e+01 7.3e+00 3.72e-01  2e-01  4e-01 0:31.9
   32    256 5.703365016857332e+01 8.1e+00 3.56e-01  2e-01  3e-01 0:40.8
   40    320 5.635510420174701e+01 6.1e+00 5.64e-01  1e-01  4e-01 0:51.0
   48    384 5.624483184619708e+01 7.8e+00 4.37e-01  9e-02  3e-01 1:01.3
   57    456 5.619565745895316e+01 1.4e+01 2.88e-01  5e-02  2e-01 1:12.8
   67    536 5.619371423715858e+01 2.6e+01 8.10e-02  9e-03  4e-02 1:25.6
   78    624 5.619367896765938e+01 6.1e+01 3.36e-02  3e-03  2e-02 1:39.7
   89    712 5.619365551680558e+01 7.5e+01 1.12e-02  5e-04  6e-03 1:53.8
  100    800 5.619365348598573e+01 9.2e+01 2.21e-03  9e-05  1e-03 2:07.8
  113    904 5.619365337308658e+01 3.6e+02 9.27e-04  4e-05  6e-04 2:24.4
  127   1016 5.619365336201067e+01 1.4e+03 6.65e-04  4e-05  5e-04 2:42.5
  141   1128 5.619365335983456e+01 3.7e+03 1.41e-04  6e-06  1e-04 3:00.5
  156   1248 5.619365335977089e+01 2.4e+04 9.00e-05  5e-06  9e-05 3:19.8
  172   1376 5.619365335976258e+01 1.1e+05 2.72e-05  2e-06  3e-05 3:40.3
  186   1488 5.619365335976131e+01 3.8e+05 1.22e-05  6e-07  1e-05 3:58.4
termination on tolfun=1e-11 (Mon Feb 24 15:52:07 2020)
final/bestever f-value = 5.619365e+01 5.619365e+01
incumbent solution: [-2.1996035496236197, -0.7717173056055961, -1.560918059190173, -3.8167770502680813]
std deviation: [2.438771728989939e-06, 6.370959455579989e-07, 9.801199376837836e-07, 1.0690757875024123e-05]
termination on tolfun=1e-11
final/bestever f-value = 5.619365e+01 5.619365e+01
incumbent solution: [-2.1996035496236197, -0.7717173056055961, -1.560918059190173, -3.8167770502680813]
std deviation: [2.438771728989939e-06, 6.370959455579989e-07, 9.801199376837836e-07, 1.0690757875024123e-05]
CMAEvolutionStrategyResult(xbest=array([-2.19960486, -0.77171766, -1.56091746, -3.81677047]), fbest=56.193653359760866, evals_best=1462, evaluations=1489, iterations=186, xfavorite=array([-2.19960355, -0.77171731, -1.56091806, -3.81677705]), stds=array([2.43877173e-06, 6.37095946e-07, 9.80119938e-07, 1.06907579e-05]), stop={'tolfun': 1e-11})
Final coefficients:  [0.19957196 0.63221532 0.34703007 0.04305041]
Final Loss:  [56.19365336]
Running time for CSG 25: 239.51253819465637
