Evaluating  ['../camera_calibration/outputs/fixed_angle_dat_info/2020-01-14_15-24-05.txt', '../camera_calibration/outputs/fixed_angle_dat_info/2020-01-14_15-25-16.txt'] ['../real_robot_data/Jan14_2020_Control_Signals/control_take09.csg', '../real_robot_data/Jan14_2020_Control_Signals/control_take10.csg']
Reading ground truth data and control signals...
Data read successfully.
Initial Guess:  [1. 1. 1. 1.]
Initial Loss:  [158.42174058]
(4_w,8)-aCMA-ES (mu_w=2.6,w_1=52%) in dimension 4 (seed=739466, Mon Feb 24 15:36:25 2020)
Iterat #Fevals   function value  axis ratio  sigma  min&max std  t[m:s]
    1      8 1.405393514016664e+02 1.0e+00 5.06e-01  5e-01  5e-01 0:01.2
    2     16 1.400543272376949e+02 1.2e+00 6.21e-01  6e-01  7e-01 0:02.4
    3     24 1.437468686944530e+02 1.7e+00 6.21e-01  5e-01  7e-01 0:03.6
    6     48 1.355330415638624e+02 2.3e+00 5.28e-01  4e-01  6e-01 0:07.2
   10     80 7.743343216626546e+01 4.5e+00 7.81e-01  6e-01  1e+00 0:12.0
   15    120 5.021741344062985e+01 7.9e+00 6.08e-01  4e-01  1e+00 0:18.1
   20    160 4.851506597393277e+01 1.0e+01 5.49e-01  3e-01  9e-01 0:24.1
   26    208 4.773728375934645e+01 8.6e+00 3.14e-01  1e-01  3e-01 0:31.3
   33    264 4.335408774715017e+01 1.5e+01 2.58e-01  6e-02  3e-01 0:39.8
   41    328 4.278058887006206e+01 2.7e+01 1.72e-01  3e-02  2e-01 0:49.5
   50    400 4.273236668807111e+01 4.6e+01 1.50e-01  2e-02  2e-01 1:00.4
   60    480 4.268191784522411e+01 1.3e+02 4.46e-02  5e-03  5e-02 1:12.6
   70    560 4.268121720466159e+01 3.4e+02 1.33e-02  2e-03  2e-02 1:24.8
   81    648 4.268120552482171e+01 7.0e+02 6.83e-03  7e-04  7e-03 1:38.2
   93    744 4.268120335850593e+01 9.9e+02 3.74e-03  4e-04  4e-03 1:52.7
  100    800 4.268120304260226e+01 1.2e+03 2.70e-03  3e-04  4e-03 2:01.1
  114    912 4.268120295597203e+01 4.9e+03 6.76e-04  1e-04  1e-03 2:18.0
  129   1032 4.268120294896460e+01 2.1e+04 1.70e-04  3e-05  3e-04 2:36.1
  144   1152 4.268120294893289e+01 1.2e+05 7.62e-05  1e-05  1e-04 2:54.2
  160   1280 4.268120294887844e+01 4.2e+05 1.65e-05  2e-06  2e-05 3:13.5
  176   1408 4.268120294887739e+01 2.1e+00 4.85e-06  3e-06  5e-06 3:33.0
termination on tolfun=1e-11 (Mon Feb 24 15:39:59 2020)
final/bestever f-value = 4.268120e+01 4.268120e+01
incumbent solution: [-2.808706035302748, -2.1855375499708316, -0.5747406716041041, -3.3111411170466454]
std deviation: [3.980767651097324e-06, 4.011899451708765e-06, 3.150208337159928e-06, 5.32595950487236e-06]
termination on tolfun=1e-11
final/bestever f-value = 4.268120e+01 4.268120e+01
incumbent solution: [-2.808706035302748, -2.1855375499708316, -0.5747406716041041, -3.3111411170466454]
std deviation: [3.980767651097324e-06, 4.011899451708765e-06, 3.150208337159928e-06, 5.32595950487236e-06]
CMAEvolutionStrategyResult(xbest=array([-2.80870684, -2.1855383 , -0.57474048, -3.31113894]), fbest=42.68120294887724, evals_best=1392, evaluations=1409, iterations=176, xfavorite=array([-2.80870604, -2.18553755, -0.57474067, -3.31114112]), stds=array([3.98076765e-06, 4.01189945e-06, 3.15020834e-06, 5.32595950e-06]), stop={'tolfun': 1e-11})
Final coefficients:  [0.11371097 0.20211338 0.72028741 0.07038206]
Final Loss:  [42.68120295]
Running time for CSG 9: 214.13096523284912
