Evaluating  ['../camera_calibration/outputs/fixed_angle_dat_info/2020-01-14_15-20-08.txt', '../camera_calibration/outputs/fixed_angle_dat_info/2020-01-14_15-20-39.txt'] ['../real_robot_data/Jan14_2020_Control_Signals/control_take07.csg', '../real_robot_data/Jan14_2020_Control_Signals/control_take08.csg']
Reading ground truth data and control signals...
Data read successfully.
Initial Guess:  [1. 1. 1. 1.]
Initial Loss:  [167.16137507]
(4_w,8)-aCMA-ES (mu_w=2.6,w_1=52%) in dimension 4 (seed=656286, Mon Feb 24 15:33:05 2020)
Iterat #Fevals   function value  axis ratio  sigma  min&max std  t[m:s]
    1      8 1.187321917104599e+02 1.0e+00 4.55e-01  4e-01  4e-01 0:01.2
    2     16 1.013038794660410e+02 1.2e+00 4.32e-01  4e-01  4e-01 0:02.5
    3     24 1.081269983826819e+02 1.2e+00 4.15e-01  3e-01  4e-01 0:03.7
    6     48 1.312941268280035e+02 2.0e+00 6.52e-01  4e-01  8e-01 0:07.5
   10     80 1.150221172825979e+02 3.4e+00 5.85e-01  4e-01  6e-01 0:12.5
   15    120 6.608074030660772e+01 5.9e+00 4.11e-01  3e-01  5e-01 0:18.7
   20    160 5.789466132600716e+01 1.0e+01 2.38e-01  1e-01  3e-01 0:24.8
   26    208 5.491583987641272e+01 1.8e+01 3.26e-01  2e-01  4e-01 0:32.2
   33    264 4.537862384428014e+01 1.5e+01 3.35e-01  1e-01  3e-01 0:40.9
   41    328 4.297952140921776e+01 2.8e+01 1.63e-01  4e-02  1e-01 0:50.9
   49    392 4.253640248129891e+01 4.7e+01 2.20e-01  6e-02  2e-01 1:01.0
   58    464 4.216593214754286e+01 7.6e+01 2.35e-01  3e-02  2e-01 1:12.2
   68    544 4.216278074013451e+01 9.1e+01 1.75e-01  2e-02  2e-01 1:24.7
   79    632 4.216100547866705e+01 1.1e+02 5.99e-02  6e-03  5e-02 1:38.4
   91    728 4.216087967042618e+01 2.5e+02 1.76e-02  1e-03  1e-02 1:53.4
  100    800 4.216087835271966e+01 5.4e+02 1.85e-02  2e-03  2e-02 2:04.6
  113    904 4.216087797926525e+01 1.2e+03 6.93e-03  7e-04  8e-03 2:20.8
  127   1016 4.216087796226061e+01 3.2e+03 1.07e-03  1e-04  1e-03 2:38.1
  142   1136 4.216087796204187e+01 6.7e+03 2.69e-04  3e-05  3e-04 2:56.6
  158   1264 4.216087796204083e+01 1.5e+04 5.53e-05  6e-06  6e-05 3:16.4
  160   1280 4.216087796204086e+01 1.4e+04 5.56e-05  6e-06  6e-05 3:18.9
termination on tolfun=1e-11 (Mon Feb 24 15:36:24 2020)
final/bestever f-value = 4.216088e+01 4.216088e+01
incumbent solution: [-1.6094514083645812, -0.27684153666900996, -1.7037352733268682, -3.1901475137352664]
std deviation: [1.7637952107190903e-05, 6.242271065634114e-06, 1.8793505914456874e-05, 6.44594650881096e-05]
termination on tolfun=1e-11
final/bestever f-value = 4.216088e+01 4.216088e+01
incumbent solution: [-1.6094514083645812, -0.27684153666900996, -1.7037352733268682, -3.1901475137352664]
std deviation: [1.7637952107190903e-05, 6.242271065634114e-06, 1.8793505914456874e-05, 6.44594650881096e-05]
CMAEvolutionStrategyResult(xbest=array([-1.60948843, -0.2768546 , -1.70369605, -3.19001226]), fbest=42.160877962040786, evals_best=1245, evaluations=1281, iterations=160, xfavorite=array([-1.60945141, -0.27684154, -1.70373527, -3.19014751]), stds=array([1.76379521e-05, 6.24227107e-06, 1.87935059e-05, 6.44594651e-05]), stop={'tolfun': 1e-11})
Final coefficients:  [0.3333193  0.86245016 0.30796631 0.07908663]
Final Loss:  [42.16087796]
Running time for CSG 7: 200.07996773719788
