Evaluating  ['../camera_calibration/outputs/fixed_angle_dat_info/2020-01-14_15-49-55.txt', '../camera_calibration/outputs/fixed_angle_dat_info/2020-01-14_15-50-34.txt'] ['../real_robot_data/Jan14_2020_Control_Signals/control_take33.csg', '../real_robot_data/Jan14_2020_Control_Signals/control_take34.csg']
Reading ground truth data and control signals...
Data read successfully.
Initial Guess:  [1. 1. 1. 1.]
Initial Loss:  [196.61348224]
(4_w,8)-aCMA-ES (mu_w=2.6,w_1=52%) in dimension 4 (seed=721566, Mon Feb 24 15:56:31 2020)
Iterat #Fevals   function value  axis ratio  sigma  min&max std  t[m:s]
    1      8 1.570699498771054e+02 1.0e+00 4.79e-01  5e-01  5e-01 0:01.2
    2     16 1.554603437589738e+02 1.2e+00 4.88e-01  5e-01  5e-01 0:02.5
    3     24 1.497868023653066e+02 1.4e+00 5.23e-01  5e-01  5e-01 0:03.7
    6     48 1.507960598915332e+02 1.7e+00 3.76e-01  3e-01  4e-01 0:07.5
   10     80 1.424154523554021e+02 3.9e+00 2.50e-01  2e-01  2e-01 0:12.4
   15    120 1.168937760230496e+02 9.6e+00 5.78e-01  4e-01  7e-01 0:18.6
   20    160 1.145048404242377e+02 1.3e+01 7.48e-01  5e-01  9e-01 0:24.8
   26    208 8.215094450335512e+01 1.0e+01 8.06e-01  5e-01  8e-01 0:32.2
   33    264 7.182797803555358e+01 7.8e+00 5.67e-01  2e-01  5e-01 0:41.0
   41    328 6.673475264763138e+01 1.4e+01 4.77e-01  1e-01  4e-01 0:51.0
   49    392 6.490328279348579e+01 1.9e+01 4.56e-01  7e-02  4e-01 1:01.0
   58    464 6.450480474370673e+01 4.1e+01 7.33e-01  7e-02  7e-01 1:12.4
   68    544 6.349739458337911e+01 9.2e+01 8.22e-01  6e-02  1e+00 1:24.9
   79    632 6.344641224428135e+01 2.2e+02 3.53e-01  1e-02  4e-01 1:38.7
   91    728 6.344034968883787e+01 1.2e+03 3.96e-01  7e-03  9e-01 1:53.7
  100    800 6.343966296774499e+01 3.4e+03 2.57e-01  3e-03  7e-01 2:05.2
  113    904 6.343961483748681e+01 8.8e+03 1.34e-01  6e-04  3e-01 2:21.4
  127   1016 6.343959976247792e+01 3.5e+04 9.74e-02  2e-04  3e-01 2:39.0
  142   1136 6.343959810999590e+01 1.0e+05 6.73e-02  5e-05  2e-01 2:57.8
NOTE (module=cma, iteration=147):  
condition in coordinate system exceeded 1.2e+08, rescaled to 1.0e+00, 
condition changed from 4.8e+10 to 1.6e+03
  158   1264 6.343959763272873e+01 8.1e+01 9.31e-02  3e-05  5e-01 3:17.9
  174   1392 6.343959755803553e+01 3.3e+02 4.24e-02  8e-06  2e-01 3:37.9
  191   1528 6.343959755090141e+01 2.0e+03 2.65e-02  3e-06  2e-01 3:59.2
  200   1600 6.343959754819240e+01 4.8e+03 2.34e-02  2e-06  2e-01 4:10.5
  219   1752 6.343959754641516e+01 3.7e+04 2.36e-02  2e-06  3e-01 4:34.3
  239   1912 6.343959754567992e+01 1.9e+05 2.40e-02  6e-07  4e-01 4:59.4
  259   2072 6.343959754564517e+01 1.3e+00 1.67e-02  1e-02  2e-02 5:24.6
  280   2240 6.343959754563856e+01 9.0e+00 1.81e-02  6e-03  3e-02 5:51.2
  281   2248 6.343959754563855e+01 9.3e+00 2.01e-02  7e-03  4e-02 5:52.5
termination on tolfun=1e-11 (Mon Feb 24 16:02:24 2020)
final/bestever f-value = 6.343960e+01 6.343960e+01
incumbent solution: [-2.2466342580356997, 0.17753876777136268, -36.804325676836015, -33.70149367699196]
std deviation: [0.009084235122340334, 0.006986977821739601, 0.035550925530027165, 0.015390848032824289]
termination on tolfun=1e-11
final/bestever f-value = 6.343960e+01 6.343960e+01
incumbent solution: [-2.2466342580356997, 0.17753876777136268, -36.804325676836015, -33.70149367699196]
std deviation: [0.009084235122340334, 0.006986977821739601, 0.035550925530027165, 0.015390848032824289]
CMAEvolutionStrategyResult(xbest=array([ -2.24663456,   0.17753871, -38.17199271, -34.93696465]), fbest=63.439597545637525, evals_best=2202, evaluations=2249, iterations=281, xfavorite=array([ -2.24663426,   0.17753877, -36.80432568, -33.70149368]), stds=array([0.00908424, 0.00698698, 0.03555093, 0.01539085]), stop={'tolfun': 1e-11})
Final coefficients:  [1.91280313e-01 1.08853692e+00 5.28620738e-17 1.34307120e-15]
Final Loss:  [63.43959755]
Running time for CSG 33: 353.8101718425751
