0 (0, b'BackRight', 0, 7, 6, 1, 0.0, 0.0, 0.0, -1.0, 0.0, 0.0, b'L_TopBase_1', (-1.0, 0.0, 0.0), (0.07600008084747031, -0.09999953021728651, -0.04499972689629067), (0.0, 0.0, 0.0, 1.0), -1)
1 (1, b'Rigid16', 4, -1, -1, 0, 0.0, 0.0, 0.0, -1.0, 0.0, 0.0, b'L_TopPlate_1', (0.0, 0.0, 0.0), (0.0040523177984449505, 4.6978271343867117e-07, 2.731038689154919e-07), (0.0, 0.0, 0.0, 1.0), 0)
2 (2, b'Rigid15', 4, -1, -1, 0, 0.0, 0.0, 0.0, -1.0, 0.0, 0.0, b'L_MC_1', (0.0, 0.0, 0.0), (-0.0010546576716314315, 4.6978293749555533e-07, 2.7310393341424544e-07), (0.0, 0.0, 0.0, 1.0), 1)
3 (3, b'Rigid14', 4, -1, -1, 0, 0.0, 0.0, 0.0, -1.0, 0.0, 0.0, b'L_BotPlate_1', (0.0, 0.0, 0.0), (0.014000080847470453, 4.6978271343867117e-07, 2.7310370931225847e-07), (0.0, 0.0, 0.0, 1.0), 2)
4 (4, b'Rigid20', 4, -1, -1, 0, 0.0, 0.0, 0.0, -1.0, 0.0, 0.0, b'BR_Roller_1', (0.0, 0.0, 0.0), (0.003627342328368569, -0.011315530217062504, -0.02302872689606659), (0.0, 0.0, 0.0, 1.0), 1)
5 (5, b'Rev21', 0, 8, 7, 1, 0.0, 0.0, 0.0, -1.0, 0.0, 0.0, b'BR_Wheel_1', (-0.707107, -0.707107, 0.0), (1.8635584207553346e-07, -1.6386308175804498e-07, 3.4053113332974116e-07), (0.0, 0.0, 0.0, 1.0), 4)  
6 (6, b'Rigid95', 4, -1, -1, 0, 0.0, 0.0, 0.0, -1.0, 0.0, 0.0, b'BR_Roller_7', (0.0, 0.0, 0.0), (0.003627342328368569, -0.024285530217062503, -0.008282726896066586), (0.0, 0.0, 0.0, 1.0), 1)
7 (7, b'Rev96', 0, 9, 8, 1, 0.0, 0.0, 0.0, -1.0, 0.0, 0.0, b'BR_Wheel_7', (-0.707107, -0.5, 0.5), (1.8635582583852173e-07, -3.238692647417746e-07, 8.624030387385795e-08), (0.0, 0.0, 0.0, 1.0), 6)
8 (8, b'Rigid103', 4, -1, -1, 0, 0.0, 0.0, 0.0, -1.0, 0.0, 0.0, b'BR_Roller_6', (0.0, 0.0, 0.0), (0.003627342328368569, -0.023029530217062503, 0.011315273103933415), (0.0, 0.0, 0.0, 1.0), 1)
9 (9, b'Rev97', 0, 10, 9, 1, 0.0, 0.0, 0.0, -1.0, 0.0, 0.0, b'BR_Wheel_6', (-0.707107, 0.0, 0.707107), (1.863557895481066e-07, -4.6278992529846796e-07, -9.325054810271904e-08), (0.0, 0.0, 0.0, 1.0), 8)
10 (10, b'Rigid104', 4, -1, -1, 0, 0.0, 0.0, 0.0, -1.0, 0.0, 0.0, b'BR_Roller_8', (0.0, 0.0, 0.0), (0.003627342328368569, -0.008282530217062505, 0.024285273103933414), (0.0, 0.0, 0.0, 1.0), 1)
11 (11, b'Rev98', 0, 11, 10, 1, 0.0, 0.0, 0.0, -1.0, 0.0, 0.0, b'BR_Wheel_8', (-0.707107, 0.5, 0.5), (1.86355753354836e-07, 2.829192568710309e-07, 6.675563624970737e-08), (0.0, 0.0, 0.0, 1.0), 10)        
12 (12, b'Rigid105', 4, -1, -1, 0, 0.0, 0.0, 0.0, -1.0, 0.0, 0.0, b'BR_Roller_3', (0.0, 0.0, 0.0), (0.003627342328368569, 0.011315469782937496, 0.023029273103933413), (0.0, 0.0, 0.0, 1.0), 1)
13 (13, b'Rev100', 0, 12, 11, 1, 0.0, 0.0, 0.0, -1.0, 0.0, 0.0, b'BR_Wheel_3', (-0.707107, 0.707107, 0.0), (1.8635574520857456e-07, 1.0342841164252825e-07, 2.0567628519763126e-07), (0.0, 0.0, 0.0, 1.0), 12)
14 (14, b'Rigid106', 4, -1, -1, 0, 0.0, 0.0, 0.0, -1.0, 0.0, 0.0, b'BR_Roller_4', (0.0, 0.0, 0.0), (0.003627342328368569, 0.024285469782937497, 0.008282273103933414), (0.0, 0.0, 0.0, 1.0), 1)
15 (15, b'Rev101', 0, 13, 12, 1, 0.0, 0.0, 0.0, -1.0, 0.0, 0.0, b'BR_Wheel_4', (-0.707107, 0.5, -0.5), (1.8635575349361388e-07, 2.6343458928330954e-07, 4.599671145008588e-07), (0.0, 0.0, 0.0, 1.0), 14)   
16 (16, b'Rigid107', 4, -1, -1, 0, 0.0, 0.0, 0.0, -1.0, 0.0, 0.0, b'BR_Roller_5', (0.0, 0.0, 0.0), (0.003627342328368569, 0.023029469782937496, -0.011315726896066585), (0.0, 0.0, 0.0, 1.0), 1)
17 (17, b'Rev99', 0, 14, 13, 1, 0.0, 0.0, 0.0, -1.0, 0.0, 0.0, b'BR_Wheel_5', (-0.707107, 0.0, -0.707107), (1.8635578972851785e-07, 4.023552266224639e-07, -3.6054203341774615e-07), (0.0, 0.0, 0.0, 1.0), 16)
18 (18, b'Rigid108', 4, -1, -1, 0, 0.0, 0.0, 0.0, -1.0, 0.0, 0.0, b'BR_Roller_2', (0.0, 0.0, 0.0), (0.003627342328368569, 0.008282469782937495, -0.024285726896066583), (0.0, 0.0, 0.0, 1.0), 1)
19 (19, b'Rev102', 0, 15, 14, 1, 0.0, 0.0, 0.0, -1.0, 0.0, 0.0, b'BR_Wheel_2', (-0.707107, -0.5, -0.5), (1.8635582590791067e-07, -3.433539322878626e-07, 4.794517822117456e-07), (0.0, 0.0, 0.0, 1.0), 18)  


20 (20, b'FrontRight', 0, 16, 15, 1, 0.0, 0.0, 0.0, -1.0, 0.0, 0.0, b'FR_TopBase_1', (-1.0, 0.0, 0.0), (0.07600008084747031, 0.10000046978271349, -0.04499972689629067), (0.0, 0.0, 0.0, 1.0), -1)
21 (21, b'Rigid19', 4, -1, -1, 0, 0.0, 0.0, 0.0, -1.0, 0.0, 0.0, b'FR_TopPlate_1', (0.0, 0.0, 0.0), (0.004052317798445117, 4.697827135496935e-07, 2.731039464524271e-07), (0.0, 0.0, 0.0, 1.0), 20)
22 (22, b'Rigid18', 4, -1, -1, 0, 0.0, 0.0, 0.0, -1.0, 0.0, 0.0, b'FR_MC_1', (0.0, 0.0, 0.0), (-0.0010546576716310013, 4.697826461314003e-07, 2.7310377668718355e-07), (0.0, 0.0, 0.0, 1.0), 21)
23 (23, b'Rigid17', 4, -1, -1, 0, 0.0, 0.0, 0.0, -1.0, 0.0, 0.0, b'FR_BotPlate_1', (0.0, 0.0, 0.0), (0.016000080847470455, 4.697827135080601e-07, 2.731037093226668e-07), (0.0, 0.0, 0.0, 1.0), 22)
24 (24, b'Rigid86', 4, -1, -1, 0, 0.0, 0.0, 0.0, -1.0, 0.0, 0.0, b'FR_Roller_1', (0.0, 0.0, 0.0), (0.0040023423283689985, 0.02402046978264613, -0.008547726896223313), (0.0, 0.0, 0.0, 1.0), 21)
25 (25, b'Rev78', 0, 17, 16, 1, 0.0, 0.0, 0.0, -1.0, 0.0, 0.0, b'FR_Wheel_1', (0.707107, -0.5, -0.5), (4.504244703121274e-07, 4.284775989510728e-07, 2.51283190281712e-07), (0.0, 0.0, 0.0, 1.0), 24)       
26 (26, b'Rigid87', 4, -1, -1, 0, 0.0, 0.0, 0.0, -1.0, 0.0, 0.0, b'FR_Roller_2', (0.0, 0.0, 0.0), (0.0040023423283689985, 0.023029469782646132, 0.010940273103776687), (0.0, 0.0, 0.0, 1.0), 21)
27 (27, b'Rev82', 0, 18, 17, 1, 0.0, 0.0, 0.0, -1.0, 0.0, 0.0, b'FR_Wheel_2', (0.707107, 0.0, -0.707107), (4.504244516603806e-07, 4.023552892390425e-07, -3.5731931063813505e-07), (0.0, 0.0, 0.0, 1.0), 26)28 (28, b'Rigid88', 4, -1, -1, 0, 0.0, 0.0, 0.0, -1.0, 0.0, 0.0, b'FR_Roller_4', (0.0, 0.0, 0.0), (0.0040023423283689985, 0.008547469782646132, 0.024020273103776687), (0.0, 0.0, 0.0, 1.0), 21)
29 (29, b'Rev83', 0, 19, 18, 1, 0.0, 0.0, 0.0, -1.0, 0.0, 0.0, b'FR_Wheel_4', (0.707107, 0.5, -0.5), (4.504244702843718e-07, 4.916031601017584e-07, 2.3179852237740356e-07), (0.0, 0.0, 0.0, 1.0), 28)
30 (30, b'Rigid89', 4, -1, -1, 0, 0.0, 0.0, 0.0, -1.0, 0.0, 0.0, b'FR_Roller_3', (0.0, 0.0, 0.0), (0.0040023423283689985, -0.010940530217353868, 0.023029273103776688), (0.0, 0.0, 0.0, 1.0), 21)
31 (31, b'Rev85', 0, 20, 19, 1, 0.0, 0.0, 0.0, -1.0, 0.0, 0.0, b'FR_Wheel_3', (0.707107, 0.707107, 0.0), (4.5042449598603485e-07, 1.0020568926710771e-07, 2.0567622230349691e-07), (0.0, 0.0, 0.0, 1.0), 30)32 (32, b'Rigid90', 4, -1, -1, 0, 0.0, 0.0, 0.0, -1.0, 0.0, 0.0, b'FR_Roller_5', (0.0, 0.0, 0.0), (0.0040023423283689985, -0.02402053021735387, 0.008548273103776687), (0.0, 0.0, 0.0, 1.0), 21)
33 (33, b'Rev84', 0, 21, 20, 1, 0.0, 0.0, 0.0, -1.0, 0.0, 0.0, b'FR_Wheel_5', (0.707107, 0.5, 0.5), (4.504245215350422e-07, -4.889121356316597e-07, 2.949241197395744e-07), (0.0, 0.0, 0.0, 1.0), 32)       
34 (34, b'Rigid91', 4, -1, -1, 0, 0.0, 0.0, 0.0, -1.0, 0.0, 0.0, b'FR_Roller_6', (0.0, 0.0, 0.0), (0.0040023423283689985, -0.023029530217353867, -0.010940726896223312), (0.0, 0.0, 0.0, 1.0), 21)
35 (35, b'Rev81', 0, 22, 21, 1, 0.0, 0.0, 0.0, -1.0, 0.0, 0.0, b'FR_Wheel_6', (0.707107, 0.0, 0.707107), (4.504245460987266e-07, -4.627898568532185e-07, -9.647336536404427e-08), (0.0, 0.0, 0.0, 1.0), 34) 
36 (36, b'Rigid92', 4, -1, -1, 0, 0.0, 0.0, 0.0, -1.0, 0.0, 0.0, b'FR_Roller_7', (0.0, 0.0, 0.0), (0.0040023423283689985, -0.008547530217353869, -0.024019726896223313), (0.0, 0.0, 0.0, 1.0), 21)
37 (37, b'Rev80', 0, 23, 22, 1, 0.0, 0.0, 0.0, -1.0, 0.0, 0.0, b'FR_Wheel_7', (0.707107, -0.5, 0.5), (4.504245273498353e-07, 4.479622386444407e-07, 3.1440878729346866e-07), (0.0, 0.0, 0.0, 1.0), 36)      
38 (38, b'Rigid94', 4, -1, -1, 0, 0.0, 0.0, 0.0, -1.0, 0.0, 0.0, b'FR_Roller_8', (0.0, 0.0, 0.0), (0.0040023423283689985, 0.010940469782646131, -0.023028726896223314), (0.0, 0.0, 0.0, 1.0), 21)
39 (39, b'Rev79', 0, 24, 23, 1, 0.0, 0.0, 0.0, -1.0, 0.0, 0.0, b'FR_Wheel_8', (0.707107, -0.707107, -0.0), (4.5042449584725697e-07, -1.6064026207157633e-07, 3.4053107091525786e-07), (0.0, 0.0, 0.0, 1.0), 
38)


40 (40, b'BackLeft', 0, 25, 24, 1, 0.0, 0.0, 0.0, -1.0, 0.0, 0.0, b'BL_TopBase_1', (-1.0, 0.0, 0.0), (-0.0759999191525297, -0.09999953021728651, -0.04499972689629067), (0.0, 0.0, 0.0, 1.0), -1)
41 (41, b'Rigid60', 4, -1, -1, 0, 0.0, 0.0, 0.0, -1.0, 0.0, 0.0, b'BL_TopPlate_1', (0.0, 0.0, 0.0), (-0.00405215610350443, 4.697827135080601e-07, 2.7310347214780373e-07), (0.0, 0.0, 0.0, 1.0), 40)        
42 (42, b'Rigid59', 4, -1, -1, 0, 0.0, 0.0, 0.0, -1.0, 0.0, 0.0, b'BL_MC_1', (0.0, 0.0, 0.0), (0.001054819366571591, 4.697826461314003e-07, 2.7310364192692504e-07), (0.0, 0.0, 0.0, 1.0), 41)
43 (43, b'Rigid58', 4, -1, -1, 0, 0.0, 0.0, 0.0, -1.0, 0.0, 0.0, b'BL_BotPlate_1', (0.0, 0.0, 0.0), (-0.01599991915252985, 4.697827134941823e-07, 2.7310370928797234e-07), (0.0, 0.0, 0.0, 1.0), 42)        
44 (44, b'Rigid77', 4, -1, -1, 0, 0.0, 0.0, 0.0, -1.0, 0.0, 0.0, b'BL_Roller_6', (0.0, 0.0, 0.0), (-0.004002180633428409, 0.008547469782646132, -0.024019726896358073), (0.0, 0.0, 0.0, 1.0), 41)
45 (45, b'Rev69', 0, 26, 25, 1, 0.0, 0.0, 0.0, -1.0, 0.0, 0.0, b'BL_Wheel_6', (-0.707107, 0.5, 0.5), (-2.8872951288866355e-07, 4.91603238608404e-07, 3.1440884201618807e-07), (0.0, 0.0, 0.0, 1.0), 44)     
46 (46, b'Rigid125', 4, -1, -1, 0, 0.0, 0.0, 0.0, -1.0, 0.0, 0.0, b'BL_Roller_7', (0.0, 0.0, 0.0), (-0.004002180633428409, -0.010940530217353868, -0.023028726896358074), (0.0, 0.0, 0.0, 1.0), 41)
47 (47, b'Rev65', 0, 27, 26, 1, 0.0, 0.0, 0.0, -1.0, 0.0, 0.0, b'BL_Wheel_7', (-0.707107, 0.707107, 0.0), (-2.887295090583941e-07, 1.002057353829966e-07, 3.405311333878544e-07), (0.0, 0.0, 0.0, 1.0), 46) 
48 (48, b'Rigid126', 4, -1, -1, 0, 0.0, 0.0, 0.0, -1.0, 0.0, 0.0, b'BL_Roller_2', (0.0, 0.0, 0.0), (-0.004002180633428409, -0.02402053021735387, -0.008547726896358073), (0.0, 0.0, 0.0, 1.0), 41)
49 (49, b'Rev67', 0, 28, 27, 1, 0.0, 0.0, 0.0, -1.0, 0.0, 0.0, b'BL_Wheel_2', (-0.707107, 0.5, -0.5), (-2.887295229778153e-07, -4.889121079315953e-07, 2.5128324455166856e-07), (0.0, 0.0, 0.0, 1.0), 48)   
50 (50, b'Rigid127', 4, -1, -1, 0, 0.0, 0.0, 0.0, -1.0, 0.0, 0.0, b'BL_Roller_5', (0.0, 0.0, 0.0), (-0.004002180633428409, -0.023029530217353867, 0.010940273103641927), (0.0, 0.0, 0.0, 1.0), 41)
51 (51, b'Rev68', 0, 29, 28, 1, 0.0, 0.0, 0.0, -1.0, 0.0, 0.0, b'BL_Wheel_5', (-0.707107, 0.0, -0.707107), (-2.887295612111207e-07, -4.6278980501968103e-07, -3.573192604161557e-07), (0.0, 0.0, 0.0, 1.0), 
50)
52 (52, b'Rigid128', 4, -1, -1, 0, 0.0, 0.0, 0.0, -1.0, 0.0, 0.0, b'BL_Roller_4', (0.0, 0.0, 0.0), (-0.004002180633428409, -0.008547530217353869, 0.024020273103641927), (0.0, 0.0, 0.0, 1.0), 41)
53 (53, b'Rev63', 0, 30, 29, 1, 0.0, 0.0, 0.0, -1.0, 0.0, 0.0, b'BL_Wheel_4', (-0.707107, -0.5, -0.5), (-2.887295937545331e-07, 4.479623026904314e-07, 2.3179857695180411e-07), (0.0, 0.0, 0.0, 1.0), 52)   
54 (54, b'Rigid129', 4, -1, -1, 0, 0.0, 0.0, 0.0, -1.0, 0.0, 0.0, b'BL_Roller_3', (0.0, 0.0, 0.0), (-0.004002180633428409, 0.010940469782646131, 0.023029273103641928), (0.0, 0.0, 0.0, 1.0), 41)
55 (55, b'Rev64', 0, 31, 30, 1, 0.0, 0.0, 0.0, -1.0, 0.0, 0.0, b'BL_Wheel_3', (-0.707107, -0.707107, 0.0), (-2.8872959972198187e-07, -1.606402177042887e-07, 2.0567628494089218e-07), (0.0, 0.0, 0.0, 1.0), 
54)
56 (56, b'Rigid130', 4, -1, -1, 0, 0.0, 0.0, 0.0, -1.0, 0.0, 0.0, b'BL_Roller_1', (0.0, 0.0, 0.0), (-0.004002180633428409, 0.02402046978264613, 0.008548273103641927), (0.0, 0.0, 0.0, 1.0), 41)
57 (57, b'Rev61', 0, 32, 31, 1, 0.0, 0.0, 0.0, -1.0, 0.0, 0.0, b'BL_Wheel_1', (-0.707107, -0.5, 0.5), (-2.8872960120690516e-07, 4.2847763768397856e-07, 2.949241660358745e-07), (0.0, 0.0, 0.0, 1.0), 56)   
58 (58, b'Rigid131', 4, -1, -1, 0, 0.0, 0.0, 0.0, -1.0, 0.0, 0.0, b'BL_Roller_8', (0.0, 0.0, 0.0), (-0.004002180633428409, 0.023029469782646132, -0.010940726896358072), (0.0, 0.0, 0.0, 1.0), 41)
59 (59, b'Rev66', 0, 33, 32, 1, 0.0, 0.0, 0.0, -1.0, 0.0, 0.0, b'BL_Wheel_8', (-0.707107, -0.0, 0.707107), (-2.887295553130609e-07, 4.0235536319377374e-07, -9.647331511257462e-08), (0.0, 0.0, 0.0, 1.0), 58)


60 (60, b'FrontLeft', 0, 34, 33, 1, 0.0, 0.0, 0.0, -1.0, 0.0, 0.0, b'L_TopBase_2', (-1.0, 0.0, 0.0), (-0.0759999191525297, 0.10000046978271349, -0.04499972689629067), (0.0, 0.0, 0.0, 1.0), -1)
61 (61, b'Rigid38', 4, -1, -1, 0, 0.0, 0.0, 0.0, -1.0, 0.0, 0.0, b'L_TopPlate_2', (0.0, 0.0, 0.0), (-0.004052156103504347, 4.697827135080601e-07, 2.731038689328391e-07), (0.0, 0.0, 0.0, 1.0), 60)
62 (62, b'Rigid37', 4, -1, -1, 0, 0.0, 0.0, 0.0, -1.0, 0.0, 0.0, b'L_MC_2', (0.0, 0.0, 0.0), (0.0010548193665720351, 4.6978248945117596e-07, 2.731039334350621e-07), (0.0, 0.0, 0.0, 1.0), 61)
63 (63, b'Rigid36', 4, -1, -1, 0, 0.0, 0.0, 0.0, -1.0, 0.0, 0.0, b'L_BotPlate_2', (0.0, 0.0, 0.0), (-0.01399991915252985, 4.697827135080601e-07, 2.731037093677696e-07), (0.0, 0.0, 0.0, 1.0), 62)
64 (64, b'Rigid109', 4, -1, -1, 0, 0.0, 0.0, 0.0, -1.0, 0.0, 0.0, b'FL_Roller_1', (0.0, 0.0, 0.0), (-0.0036271806334279653, -0.024285530217510547, 0.008282273103933434), (0.0, 0.0, 0.0, 1.0), 61)
65 (65, b'Rev110', 0, 35, 34, 1, 0.0, 0.0, 0.0, -1.0, 0.0, 0.0, b'FL_Wheel_1', (-0.707107, 0.5, 0.5), (-2.4660884776969705e-08, -3.238692649360636e-07, 4.599671144106532e-07), (0.0, 0.0, 0.0, 1.0), 64)   
66 (66, b'Rigid118', 4, -1, -1, 0, 0.0, 0.0, 0.0, -1.0, 0.0, 0.0, b'FL_Roller_6', (0.0, 0.0, 0.0), (-0.0036271806334279653, -0.023029530217510547, -0.011315726896066565), (0.0, 0.0, 0.0, 1.0), 61)        
67 (67, b'Rev111', 0, 36, 35, 1, 0.0, 0.0, 0.0, -1.0, 0.0, 0.0, b'FL_Wheel_6', (-0.707107, -0.0, 0.707107), (-2.466084879186592e-08, -4.6278992518744566e-07, -3.6054203369183246e-07), (0.0, 0.0, 0.0, 1.0), 66)
68 (68, b'Rigid119', 4, -1, -1, 0, 0.0, 0.0, 0.0, -1.0, 0.0, 0.0, b'FL_Roller_5', (0.0, 0.0, 0.0), (-0.0036271806334279653, -0.00828253021751055, -0.024285726896066562), (0.0, 0.0, 0.0, 1.0), 61)
69 (69, b'Rev112', 0, 37, 36, 1, 0.0, 0.0, 0.0, -1.0, 0.0, 0.0, b'FL_Wheel_5', (-0.707107, -0.5, 0.5), (-2.4660812501450802e-08, 2.829192571485867e-07, 4.794517820157218e-07), (0.0, 0.0, 0.0, 1.0), 68)   
70 (70, b'Rigid120', 4, -1, -1, 0, 0.0, 0.0, 0.0, -1.0, 0.0, 0.0, b'FL_Roller_8', (0.0, 0.0, 0.0), (-0.0036271806334279653, 0.011315469782489452, -0.023028726896066568), (0.0, 0.0, 0.0, 1.0), 61)
71 (71, b'Rev114', 0, 38, 37, 1, 0.0, 0.0, 0.0, -1.0, 0.0, 0.0, b'FL_Wheel_8', (-0.707107, -0.707107, 0.0), (-2.4660804230289268e-08, 1.0342841208661746e-07, 3.405311332586175e-07), (0.0, 0.0, 0.0, 1.0), 
70)
72 (72, b'Rigid121', 4, -1, -1, 0, 0.0, 0.0, 0.0, -1.0, 0.0, 0.0, b'FL_Roller_4', (0.0, 0.0, 0.0), (-0.0036271806334279653, 0.024285469782489452, -0.008282726896066565), (0.0, 0.0, 0.0, 1.0), 61)
73 (73, b'Rev113', 0, 39, 38, 1, 0.0, 0.0, 0.0, -1.0, 0.0, 0.0, b'FL_Wheel_4', (-0.707107, -0.5, -0.5), (-2.4660823062447323e-08, 2.6343465894980433e-07, 8.624024979211886e-08), (0.0, 0.0, 0.0, 1.0), 72) 
74 (74, b'Rigid122', 4, -1, -1, 0, 0.0, 0.0, 0.0, -1.0, 0.0, 0.0, b'FL_Roller_3', (0.0, 0.0, 0.0), (-0.0036271806334279653, -0.011315530217510548, 0.023029273103933434), (0.0, 0.0, 0.0, 1.0), 61)
75 (75, b'Rev117', 0, 40, 39, 1, 0.0, 0.0, 0.0, -1.0, 0.0, 0.0, b'FL_Wheel_3', (-0.707107, 0.707107, 0.0), (-2.4660893048131238e-08, -1.6386307383382814e-07, 2.0567628521844794e-07), (0.0, 0.0, 0.0, 1.0), 74)
76 (76, b'Rigid123', 4, -1, -1, 0, 0.0, 0.0, 0.0, -1.0, 0.0, 0.0, b'FL_Roller_2', (0.0, 0.0, 0.0), (-0.0036271806334279653, 0.00828246978248945, 0.024285273103933434), (0.0, 0.0, 0.0, 1.0), 61)
77 (77, b'Rev116', 0, 41, 40, 1, 0.0, 0.0, 0.0, -1.0, 0.0, 0.0, b'FL_Wheel_2', (-0.707107, 0.5, -0.5), (-2.4660884957380946e-08, -3.4335393245439605e-07, 6.675563647869087e-08), (0.0, 0.0, 0.0, 1.0), 76) 
78 (78, b'Rigid124', 4, -1, -1, 0, 0.0, 0.0, 0.0, -1.0, 0.0, 0.0, b'FL_Roller_7', (0.0, 0.0, 0.0), (-0.0036271806334279653, 0.023029469782489452, 0.011315273103933435), (0.0, 0.0, 0.0, 1.0), 61)
79 (79, b'Rev115', 0, 42, 41, 1, 0.0, 0.0, 0.0, -1.0, 0.0, 0.0, b'FL_Wheel_7', (-0.707107, 0.0, -0.707107), (-2.466084854206574e-08, 4.023552267334862e-07, -9.325054782689801e-08), (0.0, 0.0, 0.0, 1.0), 78)