Evaluating  ['../camera_calibration/outputs/fixed_angle_dat_info/2020-01-14_15-44-37.txt', '../camera_calibration/outputs/fixed_angle_dat_info/2020-01-14_15-45-14.txt'] ['../real_robot_data/Jan14_2020_Control_Signals/control_take27.csg', '../real_robot_data/Jan14_2020_Control_Signals/control_take28.csg']
Reading ground truth data and control signals...
Data read successfully.
Initial Guess:  [1 1 1 1]
Initial Loss:  [232.45382114]
(4_w,8)-aCMA-ES (mu_w=2.6,w_1=52%) in dimension 4 (seed=572764, Mon Feb 24 00:35:01 2020)
Iterat #Fevals   function value  axis ratio  sigma  min&max std  t[m:s]
    1      8 1.408630016682132e+02 1.0e+00 4.72e-01  4e-01  5e-01 0:00.8
    2     16 1.033588951983602e+02 1.3e+00 4.05e-01  3e-01  5e-01 0:01.7
    3     24 1.040265942616635e+02 1.6e+00 3.84e-01  3e-01  4e-01 0:02.6
    7     56 8.246547567512891e+01 2.3e+00 2.59e-01  2e-01  3e-01 0:06.1
   12     96 5.102517436606866e+01 5.7e+00 3.45e-01  2e-01  5e-01 0:10.5
   18    144 3.597521743041403e+01 7.7e+00 1.97e-01  1e-01  2e-01 0:15.8
   25    200 3.235949129279507e+01 1.3e+01 1.09e-01  5e-02  1e-01 0:21.9
   34    272 3.086439275269313e+01 1.4e+01 3.98e-02  2e-02  3e-02 0:29.7
   44    352 3.079632430941357e+01 3.0e+01 1.19e-02  4e-03  6e-03 0:38.4
   55    440 3.079528378008992e+01 4.4e+01 3.16e-03  1e-03  1e-03 0:48.0
   67    536 3.079520949971179e+01 8.3e+01 7.54e-04  2e-04  3e-04 0:58.5
   80    640 3.079520622481269e+01 1.2e+02 2.69e-04  5e-05  9e-05 1:09.8
   94    752 3.079520613918750e+01 3.9e+02 1.15e-04  2e-05  3e-05 1:22.1
  100    800 3.079520609009466e+01 7.4e+02 1.18e-04  2e-05  4e-05 1:27.4
  117    936 3.079520607871444e+01 2.3e+03 3.78e-05  7e-06  1e-05 1:42.0
  135   1080 3.079520607464163e+01 5.2e+03 1.11e-05  2e-06  3e-06 1:57.7
  154   1232 3.079520607408424e+01 8.5e+03 6.55e-06  8e-07  1e-06 2:14.4
  174   1392 3.079520607397015e+01 4.3e+04 6.59e-06  1e-06  2e-06 2:32.0
  195   1560 3.079520607395296e+01 2.0e+05 1.99e-06  4e-07  6e-07 2:50.3
  200   1600 3.079520607395117e+01 2.7e+05 1.73e-06  3e-07  5e-07 2:54.7
  208   1664 3.079520607395049e+01 5.7e+05 8.59e-07  2e-07  3e-07 3:01.7
termination on tolfun=1e-11 (Mon Feb 24 00:38:07 2020)
final/bestever f-value = 3.079521e+01 3.079521e+01
incumbent solution: [-0.20948548825164573, 0.24099812967712006, 1.1034313103910522, 0.346328978093914]
std deviation: [2.0419978932177235e-07, 3.2888244898404037e-07, 3.333757270190696e-07, 2.105222048155624e-07]
termination on tolfun=1e-11
final/bestever f-value = 3.079521e+01 3.079521e+01
incumbent solution: [-0.20948548825164573, 0.24099812967712006, 1.1034313103910522, 0.346328978093914]
std deviation: [2.0419978932177235e-07, 3.2888244898404037e-07, 3.333757270190696e-07, 2.105222048155624e-07]
CMAEvolutionStrategyResult(xbest=array([-0.20948535,  0.24099835,  1.10343109,  0.34632884]), fbest=30.795206073950485, evals_best=1660, evaluations=1665, iterations=208, xfavorite=array([-0.20948549,  0.24099813,  1.10343131,  0.34632898]), stds=array([2.04199789e-07, 3.28882449e-07, 3.33375727e-07, 2.10522205e-07]), stop={'tolfun': 1e-11})
Final coefficients:  [-0.20948535  0.24099835  1.10343109  0.34632884]
Final Loss:  [30.79520607]
Running time for CSG 27: 187.03726816177368
