Evaluating  ['../camera_calibration/outputs/fixed_angle_dat_info/2020-01-14_15-20-08.txt', '../camera_calibration/outputs/fixed_angle_dat_info/2020-01-14_15-20-39.txt'] ['../real_robot_data/Jan14_2020_Control_Signals/control_take07.csg', '../real_robot_data/Jan14_2020_Control_Signals/control_take08.csg']
Reading ground truth data and control signals...
Data read successfully.
Initial Guess:  [1 1 1 1]
Initial Loss:  [241.6420222]
(4_w,8)-aCMA-ES (mu_w=2.6,w_1=52%) in dimension 4 (seed=697057, Mon Feb 24 00:21:35 2020)
Iterat #Fevals   function value  axis ratio  sigma  min&max std  t[m:s]
    1      8 1.273565392038591e+02 1.0e+00 4.69e-01  4e-01  5e-01 0:00.9
    2     16 1.512339176792882e+02 1.4e+00 6.28e-01  6e-01  7e-01 0:01.8
    3     24 1.060934842054111e+02 1.5e+00 5.35e-01  5e-01  6e-01 0:02.6
    7     56 1.109055809975622e+02 2.5e+00 4.18e-01  3e-01  5e-01 0:06.2
   12     96 1.068002244997848e+02 5.7e+00 3.02e-01  2e-01  4e-01 0:10.6
   18    144 8.094933087647001e+01 8.6e+00 2.76e-01  2e-01  3e-01 0:15.8
   25    200 5.500556658799272e+01 1.6e+01 2.25e-01  1e-01  3e-01 0:22.0
   33    264 4.263356778857916e+01 3.4e+01 1.82e-01  1e-01  2e-01 0:29.1
   43    344 4.220271084461564e+01 6.9e+01 6.61e-02  4e-02  6e-02 0:38.0
   54    432 4.216115443883149e+01 1.6e+02 4.28e-02  3e-02  5e-02 0:47.8
   66    528 4.216093776902225e+01 2.0e+02 1.11e-02  6e-03  1e-02 0:58.5
   79    632 4.216087867710070e+01 3.7e+02 3.64e-03  2e-03  3e-03 1:10.0
   93    744 4.216087798368002e+01 8.0e+02 1.78e-03  1e-03  2e-03 1:22.5
  100    800 4.216087796608800e+01 1.4e+03 1.09e-03  1e-03  2e-03 1:28.7
  115    920 4.216087796207817e+01 7.7e+03 1.53e-04  1e-04  2e-04 1:42.8
  132   1056 4.216087796204095e+01 1.7e+04 2.93e-05  3e-05  5e-05 1:57.9
  144   1152 4.216087796204079e+01 2.5e+04 9.89e-06  8e-06  1e-05 2:08.6
termination on tolfun=1e-11 (Mon Feb 24 00:23:47 2020)
final/bestever f-value = 4.216088e+01 4.216088e+01
incumbent solution: [-1.423694930703065, -0.23568377427261922, 2.064980653033802, 1.8361008329596689]
std deviation: [1.302407496992554e-05, 8.136403788172144e-06, 1.3013944988455972e-05, 1.3025205739060603e-05]
termination on tolfun=1e-11
final/bestever f-value = 4.216088e+01 4.216088e+01
incumbent solution: [-1.423694930703065, -0.23568377427261922, 2.064980653033802, 1.8361008329596689]
std deviation: [1.302407496992554e-05, 8.136403788172144e-06, 1.3013944988455972e-05, 1.3025205739060603e-05]
CMAEvolutionStrategyResult(xbest=array([-1.42366707, -0.23566634,  2.06495276,  1.83607299]), fbest=42.16087796204072, evals_best=1119, evaluations=1153, iterations=144, xfavorite=array([-1.42369493, -0.23568377,  2.06498065,  1.83610083]), stds=array([1.30240750e-05, 8.13640379e-06, 1.30139450e-05, 1.30252057e-05]), stop={'tolfun': 1e-11})
Final coefficients:  [-1.42366707 -0.23566634  2.06495276  1.83607299]
Final Loss:  [42.16087796]
Running time for CSG 7: 132.403817653656
