Evaluating  ['../camera_calibration/outputs/fixed_angle_dat_info/2020-01-14_15-27-31.txt', '../camera_calibration/outputs/fixed_angle_dat_info/2020-01-14_15-28-09.txt'] ['../real_robot_data/Jan14_2020_Control_Signals/control_take11.csg', '../real_robot_data/Jan14_2020_Control_Signals/control_take12.csg']
Reading ground truth data and control signals...
Data read successfully.
Initial Guess:  [1 1 1 1]
Initial Loss:  [241.67415822]
(4_w,8)-aCMA-ES (mu_w=2.6,w_1=52%) in dimension 4 (seed=666426, Mon Feb 24 00:26:38 2020)
Iterat #Fevals   function value  axis ratio  sigma  min&max std  t[m:s]
    1      8 1.467722125673595e+02 1.0e+00 4.55e-01  4e-01  5e-01 0:00.9
    2     16 1.159505677373346e+02 1.3e+00 4.51e-01  4e-01  5e-01 0:01.8
    3     24 9.668589723252522e+01 1.5e+00 4.70e-01  4e-01  5e-01 0:02.7
    7     56 1.128657299453013e+02 2.4e+00 2.68e-01  2e-01  3e-01 0:06.4
   12     96 8.313393302943800e+01 5.8e+00 1.58e-01  1e-01  2e-01 0:10.9
   18    144 6.901016451564746e+01 8.8e+00 1.43e-01  9e-02  1e-01 0:16.3
   25    200 6.433453628095442e+01 2.3e+01 1.20e-01  8e-02  1e-01 0:22.7
   33    264 6.350086270214042e+01 3.3e+01 8.87e-02  5e-02  9e-02 0:30.0
   42    336 6.344942223601591e+01 4.3e+01 3.70e-02  2e-02  3e-02 0:38.4
   52    416 6.344863173270184e+01 1.0e+02 1.47e-02  8e-03  1e-02 0:47.6
   63    504 6.344749828080056e+01 2.4e+02 5.46e-03  3e-03  5e-03 0:57.6
   75    600 6.344743739934256e+01 4.6e+02 1.55e-03  1e-03  2e-03 1:08.6
   89    712 6.344743740832608e+01 2.1e+03 1.15e-03  1e-03  2e-03 1:21.4
  100    800 6.344743703797791e+01 4.1e+03 7.41e-04  8e-04  1e-03 1:31.4
  116    928 6.344743700208230e+01 1.1e+04 2.29e-04  2e-04  4e-04 1:46.0
  133   1064 6.344743699047881e+01 2.8e+04 5.05e-05  4e-05  6e-05 2:01.6
  151   1208 6.344743699026848e+01 7.0e+04 1.22e-05  7e-06  1e-05 2:18.1
  170   1360 6.344743699023142e+01 2.0e+05 3.92e-06  2e-06  3e-06 2:35.4
  190   1520 6.344743699022742e+01 5.9e+05 6.17e-07  2e-07  4e-07 2:53.7
  191   1528 6.344743699022720e+01 5.9e+05 4.99e-07  2e-07  3e-07 2:54.6
termination on tolfun=1e-11 (Mon Feb 24 00:29:37 2020)
final/bestever f-value = 6.344744e+01 6.344744e+01
incumbent solution: [0.19905458544170765, 0.6995030556949313, 0.5760253406576628, 0.4736419022511138]
std deviation: [2.8547253624660005e-07, 1.7816861877357317e-07, 2.8993031979190814e-07, 1.8206781906325247e-07]
termination on tolfun=1e-11
final/bestever f-value = 6.344744e+01 6.344744e+01
incumbent solution: [0.19905458544170765, 0.6995030556949313, 0.5760253406576628, 0.4736419022511138]
std deviation: [2.8547253624660005e-07, 1.7816861877357317e-07, 2.8993031979190814e-07, 1.8206781906325247e-07]
CMAEvolutionStrategyResult(xbest=array([0.1990549 , 0.69950325, 0.57602501, 0.4736417 ]), fbest=63.4474369902272, evals_best=1524, evaluations=1529, iterations=191, xfavorite=array([0.19905459, 0.69950306, 0.57602534, 0.4736419 ]), stds=array([2.85472536e-07, 1.78168619e-07, 2.89930320e-07, 1.82067819e-07]), stop={'tolfun': 1e-11})
Final coefficients:  [0.1990549  0.69950325 0.57602501 0.4736417 ]
Final Loss:  [63.44743699]
Running time for CSG 11: 179.59252071380615
