Evaluating  ['../camera_calibration/outputs/fixed_angle_dat_info/2020-01-14_15-42-29.txt', '../camera_calibration/outputs/fixed_angle_dat_info/2020-01-14_15-42-57.txt'] ['../real_robot_data/Jan14_2020_Control_Signals/control_take25.csg', '../real_robot_data/Jan14_2020_Control_Signals/control_take26.csg']
Reading ground truth data and control signals...
Data read successfully.
Initial Guess:  [1 1 1 1]
Initial Loss:  [166.5488787]
(4_w,8)-aCMA-ES (mu_w=2.6,w_1=52%) in dimension 4 (seed=603500, Mon Feb 24 00:32:40 2020)
Iterat #Fevals   function value  axis ratio  sigma  min&max std  t[m:s]
    1      8 8.497046923541757e+01 1.0e+00 4.35e-01  4e-01  4e-01 0:00.8
    2     16 9.934004495631373e+01 1.3e+00 4.20e-01  4e-01  4e-01 0:01.7
    3     24 6.030341919621335e+01 1.7e+00 4.20e-01  4e-01  4e-01 0:02.6
    7     56 1.061269570960096e+02 2.0e+00 2.20e-01  2e-01  2e-01 0:06.0
   12     96 6.087076855397984e+01 3.9e+00 2.69e-01  2e-01  3e-01 0:10.4
   18    144 6.646590535052813e+01 6.8e+00 1.85e-01  1e-01  2e-01 0:15.6
   25    200 5.951664756595466e+01 8.8e+00 1.71e-01  1e-01  2e-01 0:21.6
   34    272 5.621163758484064e+01 1.4e+01 5.91e-02  3e-02  5e-02 0:29.4
   44    352 5.619471732457070e+01 2.6e+01 2.71e-02  1e-02  2e-02 0:38.0
   55    440 5.619368634556891e+01 4.8e+01 8.11e-03  4e-03  7e-03 0:47.5
   67    536 5.619365519517410e+01 6.3e+01 1.80e-03  8e-04  1e-03 0:57.9
   80    640 5.619365342258030e+01 1.1e+02 3.70e-04  2e-04  3e-04 1:09.1
   94    752 5.619365337156926e+01 1.3e+02 1.35e-04  4e-05  7e-05 1:21.3
  100    800 5.619365336200111e+01 2.7e+02 7.19e-05  2e-05  4e-05 1:26.5
  117    936 5.619365335988486e+01 2.0e+03 1.82e-05  6e-06  1e-05 1:41.2
  135   1080 5.619365335976499e+01 1.4e+04 3.47e-06  2e-06  3e-06 1:56.9
  154   1232 5.619365335976137e+01 2.0e+05 2.08e-06  1e-06  2e-06 2:13.3
  157   1256 5.619365335976163e+01 2.4e+05 1.94e-06  1e-06  2e-06 2:16.0
termination on tolfun=1e-11 (Mon Feb 24 00:34:59 2020)
final/bestever f-value = 5.619365e+01 5.619365e+01
incumbent solution: [0.2942605780661751, 0.6913957250908545, 0.2878496600788399, -0.05163826596450786]
std deviation: [1.7527907838955731e-06, 1.1023880528083385e-06, 1.1017604200900927e-06, 1.768161758366105e-06]
termination on tolfun=1e-11
final/bestever f-value = 5.619365e+01 5.619365e+01
incumbent solution: [0.2942605780661751, 0.6913957250908545, 0.2878496600788399, -0.05163826596450786]
std deviation: [1.7527907838955731e-06, 1.1023880528083385e-06, 1.1017604200900927e-06, 1.768161758366105e-06]
CMAEvolutionStrategyResult(xbest=array([ 0.2942575 ,  0.69139379,  0.28785158, -0.05163519]), fbest=56.19365335976126, evals_best=1141, evaluations=1257, iterations=157, xfavorite=array([ 0.29426058,  0.69139573,  0.28784966, -0.05163827]), stds=array([1.75279078e-06, 1.10238805e-06, 1.10176042e-06, 1.76816176e-06]), stop={'tolfun': 1e-11})
Final coefficients:  [ 0.2942575   0.69139379  0.28785158 -0.05163519]
Final Loss:  [56.19365336]
Running time for CSG 25: 140.0477578639984
