Evaluating  ['../camera_calibration/outputs/fixed_angle_dat_info/2020-01-14_15-39-36.txt', '../camera_calibration/outputs/fixed_angle_dat_info/2020-01-14_15-40-02.txt'] ['../real_robot_data/Jan14_2020_Control_Signals/control_take21.csg', '../real_robot_data/Jan14_2020_Control_Signals/control_take22.csg']
Reading ground truth data and control signals...
Data read successfully.
Initial Guess:  [1 1 1 1]
Initial Loss:  [139.78262641]
(4_w,8)-aCMA-ES (mu_w=2.6,w_1=52%) in dimension 4 (seed=696586, Mon Feb 24 00:29:38 2020)
Iterat #Fevals   function value  axis ratio  sigma  min&max std  t[m:s]
    1      8 6.199814861602052e+01 1.0e+00 5.17e-01  5e-01  6e-01 0:00.9
    2     16 7.313923434775612e+01 1.5e+00 4.18e-01  4e-01  4e-01 0:01.7
    3     24 7.933337515658042e+01 1.6e+00 3.64e-01  3e-01  4e-01 0:02.6
    7     56 4.561049972867874e+01 2.9e+00 2.34e-01  2e-01  2e-01 0:06.0
   12     96 2.269946900353591e+01 5.0e+00 2.57e-01  2e-01  3e-01 0:10.3
   18    144 2.797398913022942e+01 9.2e+00 1.88e-01  1e-01  2e-01 0:15.4
   26    208 2.153400073179960e+01 1.3e+01 1.08e-01  6e-02  9e-02 0:22.2
   35    280 2.038127026541197e+01 3.2e+01 4.23e-02  2e-02  3e-02 0:29.8
   45    360 2.028693571794033e+01 6.6e+01 1.97e-02  1e-02  1e-02 0:38.4
   56    448 2.028375314254031e+01 2.0e+02 1.23e-02  1e-02  1e-02 0:47.8
   68    544 2.028250149458657e+01 5.8e+02 4.83e-03  5e-03  6e-03 0:58.1
   81    648 2.028249871447962e+01 1.6e+03 7.95e-04  9e-04  9e-04 1:09.3
   96    768 2.028249743439144e+01 6.0e+03 1.90e-04  3e-04  3e-04 1:22.2
  100    800 2.028249741081029e+01 1.0e+04 3.07e-04  6e-04  6e-04 1:25.6
  117    936 2.028249734196951e+01 3.4e+04 6.39e-05  1e-04  1e-04 1:40.1
  135   1080 2.028249733571074e+01 1.1e+05 1.30e-05  2e-05  2e-05 1:55.6
  154   1232 2.028249733529031e+01 5.2e+05 6.21e-06  1e-05  1e-05 2:11.9
  174   1392 2.028249733527350e+01 2.8e+00 4.57e-06  3e-06  5e-06 2:29.1
  196   1568 2.028249733526179e+01 1.3e+01 1.48e-06  6e-07  2e-06 2:47.9
  200   1600 2.028249733526112e+01 1.4e+01 1.26e-06  6e-07  2e-06 2:51.3
  205   1640 2.028249733526273e+01 2.3e+01 6.61e-07  3e-07  9e-07 2:55.6
termination on tolfun=1e-11 (Mon Feb 24 00:32:39 2020)
final/bestever f-value = 2.028250e+01 2.028250e+01
incumbent solution: [0.4975457504406222, 0.9478474566058139, 0.3075558397686109, -0.13091335400531534]
std deviation: [6.121910492435738e-07, 9.458162696464006e-07, 2.9943063526868547e-07, 6.305838027971949e-07]
termination on tolfun=1e-11
final/bestever f-value = 2.028250e+01 2.028250e+01
incumbent solution: [0.4975457504406222, 0.9478474566058139, 0.3075558397686109, -0.13091335400531534]
std deviation: [6.121910492435738e-07, 9.458162696464006e-07, 2.9943063526868547e-07, 6.305838027971949e-07]
CMAEvolutionStrategyResult(xbest=array([ 0.49754892,  0.94785062,  0.30755269, -0.1309165 ]), fbest=20.282497335260565, evals_best=1583, evaluations=1641, iterations=205, xfavorite=array([ 0.49754575,  0.94784746,  0.30755584, -0.13091335]), stds=array([6.12191049e-07, 9.45816270e-07, 2.99430635e-07, 6.30583803e-07]), stop={'tolfun': 1e-11})
Final coefficients:  [ 0.49754892  0.94785062  0.30755269 -0.1309165 ]
Final Loss:  [20.28249734]
Running time for CSG 21: 180.7858464717865
