Evaluating  ['../camera_calibration/outputs/fixed_angle_dat_info/2020-01-14_15-11-38.txt', '../camera_calibration/outputs/fixed_angle_dat_info/2020-01-14_15-14-15.txt'] ['../real_robot_data/Jan14_2020_Control_Signals/control_take01.csg', '../real_robot_data/Jan14_2020_Control_Signals/control_take02.csg']
Reading ground truth data and control signals...
Data read successfully.
Initial Guess:  [1 1 1 1]
Initial Loss:  [181.03516661]
(4_w,8)-aCMA-ES (mu_w=2.6,w_1=52%) in dimension 4 (seed=628453, Mon Feb 24 00:17:59 2020)
Iterat #Fevals   function value  axis ratio  sigma  min&max std  t[m:s]
    1      8 1.017153284215884e+02 1.0e+00 4.97e-01  5e-01  5e-01 0:00.9
    2     16 7.952201720738796e+01 1.3e+00 4.61e-01  4e-01  5e-01 0:01.8
    3     24 8.555777193619505e+01 1.3e+00 3.74e-01  3e-01  4e-01 0:02.7
    7     56 7.126983980726662e+01 2.0e+00 2.52e-01  2e-01  3e-01 0:06.2
   12     96 5.365027600589407e+01 2.9e+00 2.34e-01  2e-01  2e-01 0:10.6
   18    144 5.068942753840709e+01 8.7e+00 2.05e-01  1e-01  2e-01 0:16.1
   25    200 4.419970446230897e+01 1.1e+01 1.11e-01  6e-02  1e-01 0:22.3
   33    264 4.022209950185395e+01 2.1e+01 7.82e-02  5e-02  6e-02 0:29.5
   42    336 3.988636183530223e+01 4.4e+01 3.81e-02  2e-02  3e-02 0:37.6
   52    416 3.985470943848896e+01 5.6e+01 1.66e-02  8e-03  1e-02 0:46.7
   64    512 3.985094311378636e+01 9.6e+01 4.47e-03  2e-03  3e-03 0:57.4
   77    616 3.985091606026573e+01 2.8e+02 1.42e-03  1e-03  1e-03 1:09.0
   91    728 3.985090894998807e+01 7.4e+02 1.14e-03  1e-03  1e-03 1:21.5
  100    800 3.985090828286413e+01 5.9e+02 7.27e-04  5e-04  5e-04 1:29.5
  116    928 3.985090814451689e+01 1.5e+03 2.72e-04  2e-04  2e-04 1:43.6
  133   1064 3.985090810830695e+01 2.5e+03 5.85e-05  3e-05  3e-05 1:58.8
  152   1216 3.985090810353371e+01 5.1e+03 3.92e-05  3e-05  3e-05 2:15.7
  172   1376 3.985090810252167e+01 2.1e+04 2.73e-05  2e-05  2e-05 2:33.4
  193   1544 3.985090810236228e+01 8.1e+04 2.03e-05  2e-05  2e-05 2:52.1
  200   1600 3.985090810234965e+01 1.3e+05 1.47e-05  2e-05  2e-05 2:58.3
  223   1784 3.985090810233016e+01 2.8e+05 4.94e-06  5e-06  5e-06 3:18.9
  235   1880 3.985090810233040e+01 4.7e+05 1.56e-06  1e-06  1e-06 3:29.5
termination on tolfun=1e-11 (Mon Feb 24 00:21:34 2020)
final/bestever f-value = 3.985091e+01 3.985091e+01
incumbent solution: [0.42990910345368116, 0.9524848065297392, 0.5164849848910754, 0.23144809174160913]
std deviation: [1.3748599785911352e-06, 1.375773675375894e-06, 1.380229263718099e-06, 1.380549822097212e-06]
termination on tolfun=1e-11
final/bestever f-value = 3.985091e+01 3.985091e+01
incumbent solution: [0.42990910345368116, 0.9524848065297392, 0.5164849848910754, 0.23144809174160913]
std deviation: [1.3748599785911352e-06, 1.375773675375894e-06, 1.380229263718099e-06, 1.380549822097212e-06]
CMAEvolutionStrategyResult(xbest=array([0.42991152, 0.95248722, 0.51648256, 0.23144567]), fbest=39.85090810232993, evals_best=1857, evaluations=1881, iterations=235, xfavorite=array([0.4299091 , 0.95248481, 0.51648498, 0.23144809]), stds=array([1.37485998e-06, 1.37577368e-06, 1.38022926e-06, 1.38054982e-06]), stop={'tolfun': 1e-11})
Final coefficients:  [0.42991152 0.95248722 0.51648256 0.23144567]
Final Loss:  [39.8509081]
Running time for CSG 1: 215.35306549072266
