Evaluating  ['../camera_calibration/outputs/fixed_angle_dat_info/2020-01-14_15-24-05.txt', '../camera_calibration/outputs/fixed_angle_dat_info/2020-01-14_15-25-16.txt'] ['../real_robot_data/Jan14_2020_Control_Signals/control_take09.csg', '../real_robot_data/Jan14_2020_Control_Signals/control_take10.csg']
Reading ground truth data and control signals...
Data read successfully.
Initial Guess:  [1 1 1 1]
Initial Loss:  [194.91163339]
(4_w,8)-aCMA-ES (mu_w=2.6,w_1=52%) in dimension 4 (seed=625149, Mon Feb 24 00:23:48 2020)
Iterat #Fevals   function value  axis ratio  sigma  min&max std  t[m:s]
    1      8 1.590689388594605e+02 1.0e+00 4.36e-01  4e-01  4e-01 0:00.9
    2     16 1.658265530512181e+02 1.2e+00 4.58e-01  4e-01  5e-01 0:01.8
    3     24 1.673695086241264e+02 1.5e+00 4.53e-01  4e-01  5e-01 0:02.7
    7     56 1.456363279163222e+02 2.4e+00 5.54e-01  4e-01  6e-01 0:06.2
   12     96 1.015504104320113e+02 5.7e+00 3.93e-01  3e-01  5e-01 0:10.6
   18    144 6.774982018123220e+01 9.4e+00 3.11e-01  2e-01  4e-01 0:15.9
   25    200 4.323872452071127e+01 1.4e+01 2.07e-01  1e-01  2e-01 0:22.2
   33    264 4.403909208839962e+01 3.4e+01 1.18e-01  8e-02  1e-01 0:29.3
   43    344 4.290981603149789e+01 7.6e+01 7.37e-02  5e-02  9e-02 0:38.2
   54    432 4.268203580582453e+01 2.2e+02 3.27e-02  3e-02  5e-02 0:47.9
   66    528 4.268156438254180e+01 7.2e+02 7.51e-03  1e-02  2e-02 0:58.5
   79    632 4.268121514494088e+01 2.3e+03 3.34e-03  7e-03  1e-02 1:10.0
   93    744 4.268120327482965e+01 7.2e+03 9.46e-04  3e-03  4e-03 1:22.5
  100    800 4.268120296392132e+01 7.9e+03 5.13e-04  1e-03  2e-03 1:28.8
  116    928 4.268120295168046e+01 2.8e+04 1.18e-04  3e-04  5e-04 1:42.9
  133   1064 4.268120294939509e+01 1.8e+05 1.23e-04  3e-04  4e-04 1:58.0
  151   1208 4.268120294895557e+01 1.0e+00 3.81e-05  3e-05  4e-05 2:14.1
  171   1368 4.268120294887736e+01 9.5e+00 7.65e-06  3e-06  8e-06 2:31.9
  185   1480 4.268120294887745e+01 2.0e+01 3.33e-06  1e-06  3e-06 2:44.3
termination on tolfun=1e-11 (Mon Feb 24 00:26:37 2020)
final/bestever f-value = 4.268120e+01 4.268120e+01
incumbent solution: [-0.8522109286441264, -1.3433616398888262, 1.6862092869414482, 1.61585708660823]
std deviation: [1.1406504106182238e-06, 1.5798856617429469e-06, 1.6628682408340661e-06, 2.996920745347931e-06]
termination on tolfun=1e-11
final/bestever f-value = 4.268120e+01 4.268120e+01
incumbent solution: [-0.8522109286441264, -1.3433616398888262, 1.6862092869414482, 1.61585708660823]
std deviation: [1.1406504106182238e-06, 1.5798856617429469e-06, 1.6628682408340661e-06, 2.996920745347931e-06]
CMAEvolutionStrategyResult(xbest=array([-0.8522121 , -1.34336352,  1.68621045,  1.61585894]), fbest=42.68120294887734, evals_best=1459, evaluations=1481, iterations=185, xfavorite=array([-0.85221093, -1.34336164,  1.68620929,  1.61585709]), stds=array([1.14065041e-06, 1.57988566e-06, 1.66286824e-06, 2.99692075e-06]), stop={'tolfun': 1e-11})
Final coefficients:  [-0.8522121  -1.34336352  1.68621045  1.61585894]
Final Loss:  [42.68120295]
Running time for CSG 9: 168.96977829933167
