Evaluating  ['../camera_calibration/outputs/fixed_angle_dat_info/2020-01-14_15-49-55.txt', '../camera_calibration/outputs/fixed_angle_dat_info/2020-01-14_15-50-34.txt'] ['../real_robot_data/Jan14_2020_Control_Signals/control_take33.csg', '../real_robot_data/Jan14_2020_Control_Signals/control_take34.csg']
Reading ground truth data and control signals...
Data read successfully.
Initial Guess:  [1 1 1 1]
Initial Loss:  [287.74028687]
(4_w,8)-aCMA-ES (mu_w=2.6,w_1=52%) in dimension 4 (seed=591234, Mon Feb 24 00:38:09 2020)
Iterat #Fevals   function value  axis ratio  sigma  min&max std  t[m:s]
    1      8 1.836909898895119e+02 1.0e+00 4.45e-01  4e-01  4e-01 0:00.9
    2     16 1.525227793431482e+02 1.2e+00 4.19e-01  4e-01  4e-01 0:01.8
    3     24 2.357659526040353e+02 1.4e+00 3.84e-01  3e-01  4e-01 0:02.7
    7     56 1.198270938852871e+02 2.4e+00 2.58e-01  2e-01  3e-01 0:06.2
   12     96 9.156997259322996e+01 4.9e+00 2.89e-01  2e-01  3e-01 0:10.5
   18    144 5.852510777326366e+01 9.4e+00 3.46e-01  3e-01  4e-01 0:15.7
   25    200 5.748907763713039e+01 1.6e+01 2.25e-01  2e-01  2e-01 0:21.8
   33    264 5.201688120353652e+01 2.9e+01 1.20e-01  8e-02  1e-01 0:28.9
   43    344 5.157699561404484e+01 7.0e+01 4.95e-02  4e-02  6e-02 0:37.6
   54    432 5.154155828167754e+01 1.3e+02 2.63e-02  2e-02  4e-02 0:47.1
   66    528 5.154133446374814e+01 2.1e+02 6.18e-03  4e-03  7e-03 0:57.6
   79    632 5.154132285737275e+01 5.5e+02 1.82e-03  1e-03  2e-03 1:09.0
   93    744 5.154132038009998e+01 2.9e+03 9.19e-04  6e-04  1e-03 1:21.7
  100    800 5.154131955222520e+01 8.1e+03 7.22e-04  5e-04  8e-04 1:27.8
  116    928 5.154131948891766e+01 2.4e+04 2.84e-04  2e-04  3e-04 1:41.9
  134   1072 5.154131948834179e+01 2.0e+05 6.27e-05  4e-05  7e-05 1:57.6
  153   1224 5.154131948753652e+01 7.3e+05 1.88e-05  1e-05  2e-05 2:14.3
  173   1384 5.154131948753601e+01 4.7e+00 6.16e-06  3e-06  8e-06 2:31.9
  194   1552 5.154131948753114e+01 9.5e+00 9.89e-06  4e-06  1e-05 2:50.3
  200   1600 5.154131948752981e+01 7.3e+00 5.14e-06  2e-06  5e-06 2:55.5
  223   1784 5.154131948752978e+01 1.8e+01 1.62e-06  2e-07  1e-06 3:15.7
  248   1984 5.154131948752781e+01 3.0e+01 8.05e-07  1e-07  4e-07 3:37.3
  257   2056 5.154131948752866e+01 4.0e+01 1.02e-06  9e-08  7e-07 3:45.2
termination on tolfun=1e-11 (Mon Feb 24 00:41:59 2020)
final/bestever f-value = 5.154132e+01 5.154132e+01
incumbent solution: [0.17479618277138798, 0.898028078590869, 0.07889484277984593, -0.14327623094141018]
std deviation: [2.625605181201869e-07, 8.714344586523664e-08, 5.491434946610924e-07, 7.239585249923593e-07]
termination on tolfun=1e-11
final/bestever f-value = 5.154132e+01 5.154132e+01
incumbent solution: [0.17479618277138798, 0.898028078590869, 0.07889484277984593, -0.14327623094141018]
std deviation: [2.625605181201869e-07, 8.714344586523664e-08, 5.491434946610924e-07, 7.239585249923593e-07]
CMAEvolutionStrategyResult(xbest=array([ 0.17479826,  0.89803   ,  0.0788919 , -0.14327816]), fbest=51.54131948752713, evals_best=1424, evaluations=2057, iterations=257, xfavorite=array([ 0.17479618,  0.89802808,  0.07889484, -0.14327623]), stds=array([2.62560518e-07, 8.71434459e-08, 5.49143495e-07, 7.23958525e-07]), stop={'tolfun': 1e-11})
Final coefficients:  [ 0.17479826  0.89803     0.0788919  -0.14327816]
Final Loss:  [51.54131949]
Running time for CSG 33: 231.53020763397217
