Evaluating  ['../camera_calibration/outputs/fixed_angle_dat_info/2020-01-14_15-11-38.txt', '../camera_calibration/outputs/fixed_angle_dat_info/2020-01-14_15-14-15.txt'] ['../real_robot_data/Jan14_2020_Control_Signals/control_take01.csg', '../real_robot_data/Jan14_2020_Control_Signals/control_take02.csg']
factor = 0.9
Reading ground truth data and control signals...
Data read successfully.
Initial Guess:  [0.07630829 0.77991879 0.43840923 0.72346518]
Initial Loss:  [64.14043057]
Final coefficients:  [0.00327384 0.58422837 0.59346899 0.2768386 ]
Final Loss:  [51.00103832]
RUNNING THE L-BFGS-B CODE

           * * *

Machine precision = 2.220D-16
 N =            4     M =           10

At X0         0 variables are exactly at the bounds

At iterate    0    f=  6.41404D+01    |proj g|=  1.56159D+00

At iterate    1    f=  5.36073D+01    |proj g|=  1.51730D+00

At iterate    2    f=  5.25724D+01    |proj g|=  1.92409D+00

At iterate    3    f=  5.21061D+01    |proj g|=  1.92028D+00

At iterate    4    f=  4.93840D+01    |proj g|=  1.88546D+00

At iterate    5    f=  3.84677D+01    |proj g|=  1.79282D+00

At iterate    6    f=  3.80419D+01    |proj g|=  1.80305D+00

At iterate    7    f=  3.78526D+01    |proj g|=  1.80310D+00

At iterate    8    f=  3.78143D+01    |proj g|=  9.21090D-01

At iterate    9    f=  3.78086D+01    |proj g|=  1.27723D+00

At iterate   10    f=  3.78075D+01    |proj g|=  1.27863D+00

At iterate   11    f=  3.77817D+01    |proj g|=  1.27877D+00

At iterate   12    f=  3.77388D+01    |proj g|=  1.80656D+00

At iterate   13    f=  3.77094D+01    |proj g|=  1.80880D+00

At iterate   14    f=  3.67429D+01    |proj g|=  1.88905D+00

At iterate   15    f=  3.60570D+01    |proj g|=  1.99618D+00

At iterate   16    f=  3.59541D+01    |proj g|=  1.99507D+00

At iterate   17    f=  3.59327D+01    |proj g|=  1.99574D+00

At iterate   18    f=  3.59305D+01    |proj g|=  1.56871D+00

At iterate   19    f=  3.59300D+01    |proj g|=  1.41602D+00

At iterate   20    f=  3.59300D+01    |proj g|=  1.05363D+00

At iterate   21    f=  3.59299D+01    |proj g|=  6.68118D-01

At iterate   22    f=  3.59299D+01    |proj g|=  4.47527D-01

At iterate   23    f=  3.59299D+01    |proj g|=  1.09783D+00

At iterate   24    f=  3.59299D+01    |proj g|=  4.44788D-01

           * * *

Tit   = total number of iterations
Tnf   = total number of function evaluations
Tnint = total number of segments explored during Cauchy searches
Skip  = number of BFGS updates skipped
Nact  = number of active bounds at final generalized Cauchy point
Projg = norm of the final projected gradient
F     = final function value

           * * *

   N    Tit     Tnf  Tnint  Skip  Nact     Projg        F
    4     24     51     27     0     0   4.448D-01   3.593D+01
  F =   35.929934766993014     

CONVERGENCE: REL_REDUCTION_OF_F_<=_FACTR*EPSMCH             
