Evaluating  ['../camera_calibration/outputs/fixed_angle_dat_info/2020-01-14_15-24-05.txt', '../camera_calibration/outputs/fixed_angle_dat_info/2020-01-14_15-25-16.txt'] ['../real_robot_data/Jan14_2020_Control_Signals/control_take09.csg', '../real_robot_data/Jan14_2020_Control_Signals/control_take10.csg']
factor = 0.5
Reading ground truth data and control signals...
Data read successfully.
Initial Guess:  [0.07630829 0.77991879 0.43840923 0.72346518]
Initial Loss:  [81.69451044]
Final coefficients:  [ 0.00000000e+00  6.60387970e-02  6.86556116e-01 -2.77555756e-17]
Final Loss:  [46.65218953]
RUNNING THE L-BFGS-B CODE

           * * *

Machine precision = 2.220D-16
 N =            4     M =           10

At X0         0 variables are exactly at the bounds

At iterate    0    f=  8.16945D+01    |proj g|=  1.92369D+00

At iterate    1    f=  8.01592D+01    |proj g|=  1.63926D+00

At iterate    2    f=  6.88210D+01    |proj g|=  1.60767D+00

At iterate    3    f=  6.78340D+01    |proj g|=  7.93180D-01

At iterate    4    f=  6.73757D+01    |proj g|=  1.80988D+00

At iterate    5    f=  6.55345D+01    |proj g|=  1.90935D+00

At iterate    6    f=  6.03051D+01    |proj g|=  2.00000D+00

At iterate    7    f=  5.87383D+01    |proj g|=  1.66024D+00

At iterate    8    f=  5.50277D+01    |proj g|=  2.00000D+00

At iterate    9    f=  5.48236D+01    |proj g|=  1.60784D+00

At iterate   10    f=  5.47519D+01    |proj g|=  1.59675D+00

At iterate   11    f=  5.42004D+01    |proj g|=  2.00000D+00

At iterate   12    f=  5.34701D+01    |proj g|=  1.86060D+00

At iterate   13    f=  5.30368D+01    |proj g|=  1.37299D+00

At iterate   14    f=  5.30315D+01    |proj g|=  6.30585D-01

At iterate   15    f=  5.30311D+01    |proj g|=  2.00000D+00

At iterate   16    f=  5.30305D+01    |proj g|=  2.00000D+00
  Positive dir derivative in projection 
  Using the backtracking step 

At iterate   17    f=  5.28377D+01    |proj g|=  6.84310D-01

At iterate   18    f=  5.28348D+01    |proj g|=  1.34815D+00

At iterate   19    f=  5.28346D+01    |proj g|=  2.45215D-01

At iterate   20    f=  5.28346D+01    |proj g|=  1.30588D-01

At iterate   21    f=  5.28346D+01    |proj g|=  8.32699D-02

At iterate   22    f=  5.28346D+01    |proj g|=  1.30859D-01

           * * *

Tit   = total number of iterations
Tnf   = total number of function evaluations
Tnint = total number of segments explored during Cauchy searches
Skip  = number of BFGS updates skipped
Nact  = number of active bounds at final generalized Cauchy point
Projg = norm of the final projected gradient
F     = final function value

           * * *

   N    Tit     Tnf  Tnint  Skip  Nact     Projg        F
    4     22     44     25     0     2   1.309D-01   5.283D+01
  F =   52.834565578996681     

CONVERGENCE: REL_REDUCTION_OF_F_<=_FACTR*EPSMCH             
