Evaluating  ['../camera_calibration/outputs/fixed_angle_dat_info/2020-01-14_15-49-55.txt', '../camera_calibration/outputs/fixed_angle_dat_info/2020-01-14_15-50-34.txt'] ['../real_robot_data/Jan14_2020_Control_Signals/control_take33.csg', '../real_robot_data/Jan14_2020_Control_Signals/control_take34.csg']
factor = 0.8
Reading ground truth data and control signals...
Data read successfully.
Initial Guess:  [0.07630829 0.77991879 0.43840923 0.72346518]
Initial Loss:  [234.35266824]
Final coefficients:  [0.         0.67145497 0.42729322 0.        ]
Final Loss:  [54.12549532]
RUNNING THE L-BFGS-B CODE

           * * *

Machine precision = 2.220D-16
 N =            4     M =           10

At X0         0 variables are exactly at the bounds

At iterate    0    f=  2.34353D+02    |proj g|=  1.56159D+00

At iterate    1    f=  1.27989D+02    |proj g|=  1.94444D+00

At iterate    2    f=  9.42565D+01    |proj g|=  1.94113D+00

At iterate    3    f=  8.19253D+01    |proj g|=  1.93525D+00

At iterate    4    f=  8.06045D+01    |proj g|=  1.28401D+00

At iterate    5    f=  7.57295D+01    |proj g|=  1.28278D+00

At iterate    6    f=  6.89539D+01    |proj g|=  1.32886D+00

At iterate    7    f=  6.78928D+01    |proj g|=  1.39637D+00

At iterate    8    f=  6.33135D+01    |proj g|=  1.54216D+00
  Positive dir derivative in projection 
  Using the backtracking step 

At iterate    9    f=  6.27301D+01    |proj g|=  1.54789D+00

At iterate   10    f=  6.14708D+01    |proj g|=  2.00000D+00

At iterate   11    f=  6.13689D+01    |proj g|=  1.54807D+00

At iterate   12    f=  6.11415D+01    |proj g|=  1.54681D+00

At iterate   13    f=  6.04075D+01    |proj g|=  1.51625D+00

At iterate   14    f=  5.94247D+01    |proj g|=  1.68618D+00

At iterate   15    f=  5.86867D+01    |proj g|=  1.58357D+00

At iterate   16    f=  5.85144D+01    |proj g|=  1.51892D+00

At iterate   17    f=  5.83336D+01    |proj g|=  1.54630D+00

At iterate   18    f=  5.80826D+01    |proj g|=  1.57489D+00

At iterate   19    f=  5.80796D+01    |proj g|=  4.43886D-01

At iterate   20    f=  5.80788D+01    |proj g|=  1.15984D+00

At iterate   21    f=  5.80788D+01    |proj g|=  6.59050D-01

At iterate   22    f=  5.80788D+01    |proj g|=  4.35009D-01

At iterate   23    f=  5.80787D+01    |proj g|=  6.41216D-01

At iterate   24    f=  5.80787D+01    |proj g|=  6.40964D-01

At iterate   25    f=  5.80787D+01    |proj g|=  2.91791D-01

           * * *

Tit   = total number of iterations
Tnf   = total number of function evaluations
Tnint = total number of segments explored during Cauchy searches
Skip  = number of BFGS updates skipped
Nact  = number of active bounds at final generalized Cauchy point
Projg = norm of the final projected gradient
F     = final function value

           * * *

   N    Tit     Tnf  Tnint  Skip  Nact     Projg        F
    4     25     55     29     0     2   2.918D-01   5.808D+01
  F =   58.078742484050963     

CONVERGENCE: REL_REDUCTION_OF_F_<=_FACTR*EPSMCH             
