Evaluating  ['../camera_calibration/outputs/fixed_angle_dat_info/2020-01-14_15-49-55.txt', '../camera_calibration/outputs/fixed_angle_dat_info/2020-01-14_15-50-34.txt'] ['../real_robot_data/Jan14_2020_Control_Signals/control_take33.csg', '../real_robot_data/Jan14_2020_Control_Signals/control_take34.csg']
factor = 0.5
Reading ground truth data and control signals...
Data read successfully.
Initial Guess:  [0.07630829 0.77991879 0.43840923 0.72346518]
Initial Loss:  [116.72503274]
Final coefficients:  [0.         0.80650339 0.30722041 0.        ]
Final Loss:  [68.82992571]
RUNNING THE L-BFGS-B CODE

           * * *

Machine precision = 2.220D-16
 N =            4     M =           10

At X0         0 variables are exactly at the bounds

At iterate    0    f=  1.16725D+02    |proj g|=  1.56159D+00

At iterate    1    f=  7.22124D+01    |proj g|=  1.94255D+00

At iterate    2    f=  6.88785D+01    |proj g|=  1.43667D+00

At iterate    3    f=  6.85403D+01    |proj g|=  1.24085D+00

At iterate    4    f=  6.79529D+01    |proj g|=  1.26525D+00

At iterate    5    f=  6.66347D+01    |proj g|=  1.30057D+00

At iterate    6    f=  6.59485D+01    |proj g|=  1.33169D+00

At iterate    7    f=  6.58080D+01    |proj g|=  1.35108D+00

At iterate    8    f=  6.47067D+01    |proj g|=  1.36526D+00

At iterate    9    f=  6.41981D+01    |proj g|=  1.37105D+00

At iterate   10    f=  6.29721D+01    |proj g|=  1.54045D+00
  Positive dir derivative in projection 
  Using the backtracking step 

At iterate   11    f=  6.27955D+01    |proj g|=  1.54431D+00

At iterate   12    f=  6.26162D+01    |proj g|=  5.75654D-01

At iterate   13    f=  6.26060D+01    |proj g|=  1.52603D+00

At iterate   14    f=  6.25939D+01    |proj g|=  1.26531D+00

At iterate   15    f=  6.24783D+01    |proj g|=  5.52915D-01

At iterate   16    f=  6.24251D+01    |proj g|=  1.49890D+00

At iterate   17    f=  6.19312D+01    |proj g|=  1.38986D+00

At iterate   18    f=  6.17687D+01    |proj g|=  1.66905D+00

At iterate   19    f=  6.14860D+01    |proj g|=  1.70310D+00

At iterate   20    f=  6.14726D+01    |proj g|=  1.70439D+00

At iterate   21    f=  6.14693D+01    |proj g|=  8.12106D-01

At iterate   22    f=  6.14683D+01    |proj g|=  2.34192D-01

At iterate   23    f=  6.14683D+01    |proj g|=  8.21089D-02

At iterate   24    f=  6.14683D+01    |proj g|=  8.36103D-02
  ys=-1.946E-06  -gs= 1.809E-05 BFGS update SKIPPED

At iterate   25    f=  6.14683D+01    |proj g|=  6.07528D-01

At iterate   26    f=  6.14683D+01    |proj g|=  8.36472D-02

At iterate   27    f=  6.14683D+01    |proj g|=  2.32875D-01

At iterate   28    f=  6.14683D+01    |proj g|=  8.37268D-02

           * * *

Tit   = total number of iterations
Tnf   = total number of function evaluations
Tnint = total number of segments explored during Cauchy searches
Skip  = number of BFGS updates skipped
Nact  = number of active bounds at final generalized Cauchy point
Projg = norm of the final projected gradient
F     = final function value

           * * *

   N    Tit     Tnf  Tnint  Skip  Nact     Projg        F
    4     28     78     31     1     2   8.373D-02   6.147D+01
  F =   61.468273262229069     

CONVERGENCE: REL_REDUCTION_OF_F_<=_FACTR*EPSMCH             
