Evaluating  ['../camera_calibration/outputs/fixed_angle_dat_info/2020-01-14_15-11-38.txt', '../camera_calibration/outputs/fixed_angle_dat_info/2020-01-14_15-14-15.txt'] ['../real_robot_data/Jan14_2020_Control_Signals/control_take01.csg', '../real_robot_data/Jan14_2020_Control_Signals/control_take02.csg']
factor = 0.3
Reading ground truth data and control signals...
Data read successfully.
Initial Guess:  [0.07630829 0.77991879 0.43840923 0.72346518]
Initial Loss:  [33.73904117]
Final coefficients:  [0.         0.62267276 0.27289832 0.        ]
Final Loss:  [86.02660292]
RUNNING THE L-BFGS-B CODE

           * * *

Machine precision = 2.220D-16
 N =            4     M =           10

At X0         0 variables are exactly at the bounds

At iterate    0    f=  3.37390D+01    |proj g|=  1.92369D+00

At iterate    1    f=  3.07997D+01    |proj g|=  1.39001D+00

At iterate    2    f=  3.06993D+01    |proj g|=  1.31093D+00

At iterate    3    f=  3.04956D+01    |proj g|=  1.31120D+00

At iterate    4    f=  3.00666D+01    |proj g|=  1.96285D+00

At iterate    5    f=  2.92972D+01    |proj g|=  1.95938D+00

At iterate    6    f=  2.89577D+01    |proj g|=  1.42506D+00

At iterate    7    f=  2.89575D+01    |proj g|=  1.42551D+00

At iterate    8    f=  2.89567D+01    |proj g|=  1.42730D+00
  Positive dir derivative in projection 
  Using the backtracking step 

At iterate    9    f=  2.86226D+01    |proj g|=  1.42685D+00

At iterate   10    f=  2.82572D+01    |proj g|=  2.00000D+00

At iterate   11    f=  2.81583D+01    |proj g|=  1.38339D+00
  Positive dir derivative in projection 
  Using the backtracking step 

At iterate   12    f=  2.81058D+01    |proj g|=  6.12745D-01

At iterate   13    f=  2.80935D+01    |proj g|=  6.12921D-01

At iterate   14    f=  2.79916D+01    |proj g|=  1.40062D+00

At iterate   15    f=  2.77940D+01    |proj g|=  6.26936D-01

At iterate   16    f=  2.77863D+01    |proj g|=  5.77365D-01

At iterate   17    f=  2.77822D+01    |proj g|=  7.78403D-02

At iterate   18    f=  2.77822D+01    |proj g|=  1.01352D-01

At iterate   19    f=  2.77822D+01    |proj g|=  8.57259D-02

At iterate   20    f=  2.77822D+01    |proj g|=  9.32651D-02

At iterate   21    f=  2.77822D+01    |proj g|=  8.57085D-02

           * * *

Tit   = total number of iterations
Tnf   = total number of function evaluations
Tnint = total number of segments explored during Cauchy searches
Skip  = number of BFGS updates skipped
Nact  = number of active bounds at final generalized Cauchy point
Projg = norm of the final projected gradient
F     = final function value

           * * *

   N    Tit     Tnf  Tnint  Skip  Nact     Projg        F
    4     21     40     24     0     2   8.571D-02   2.778D+01
  F =   27.782230225014029     

CONVERGENCE: REL_REDUCTION_OF_F_<=_FACTR*EPSMCH             
