Evaluating  ['../camera_calibration/outputs/fixed_angle_dat_info/2020-01-14_15-11-38.txt', '../camera_calibration/outputs/fixed_angle_dat_info/2020-01-14_15-14-15.txt'] ['../real_robot_data/Jan14_2020_Control_Signals/control_take01.csg', '../real_robot_data/Jan14_2020_Control_Signals/control_take02.csg']
factor = 0.4
Reading ground truth data and control signals...
Data read successfully.
Initial Guess:  [0.07630829 0.77991879 0.43840923 0.72346518]
Initial Loss:  [40.17503519]
Final coefficients:  [0.         0.62271455 0.3451176  0.        ]
Final Loss:  [74.71091917]
RUNNING THE L-BFGS-B CODE

           * * *

Machine precision = 2.220D-16
 N =            4     M =           10

At X0         0 variables are exactly at the bounds

At iterate    0    f=  4.01750D+01    |proj g|=  1.92369D+00

At iterate    1    f=  3.70573D+01    |proj g|=  1.58711D+00

At iterate    2    f=  3.68961D+01    |proj g|=  1.58156D+00

At iterate    3    f=  3.62015D+01    |proj g|=  1.91614D+00

At iterate    4    f=  3.26877D+01    |proj g|=  1.48027D+00

At iterate    5    f=  3.26214D+01    |proj g|=  1.47023D+00

At iterate    6    f=  3.23780D+01    |proj g|=  1.40960D+00

At iterate    7    f=  3.23729D+01    |proj g|=  2.00000D+00

At iterate    8    f=  3.23709D+01    |proj g|=  1.40921D+00

At iterate    9    f=  3.23615D+01    |proj g|=  1.40930D+00

At iterate   10    f=  3.15457D+01    |proj g|=  2.00000D+00

At iterate   11    f=  3.15369D+01    |proj g|=  4.94248D-01

At iterate   12    f=  3.14581D+01    |proj g|=  1.65561D+00

At iterate   13    f=  3.14225D+01    |proj g|=  1.65473D+00

At iterate   14    f=  3.14190D+01    |proj g|=  2.00000D+00

At iterate   15    f=  3.14169D+01    |proj g|=  1.37726D+00

At iterate   16    f=  3.14168D+01    |proj g|=  6.22840D-01

At iterate   17    f=  3.14167D+01    |proj g|=  3.41798D-01

At iterate   18    f=  3.14167D+01    |proj g|=  2.67569D-02

At iterate   19    f=  3.14167D+01    |proj g|=  2.83188D-01

At iterate   20    f=  3.14167D+01    |proj g|=  2.83177D-01

At iterate   21    f=  3.14167D+01    |proj g|=  2.83178D-01

           * * *

Tit   = total number of iterations
Tnf   = total number of function evaluations
Tnint = total number of segments explored during Cauchy searches
Skip  = number of BFGS updates skipped
Nact  = number of active bounds at final generalized Cauchy point
Projg = norm of the final projected gradient
F     = final function value

           * * *

   N    Tit     Tnf  Tnint  Skip  Nact     Projg        F
    4     21     54     24     0     2   2.832D-01   3.142D+01
  F =   31.416738764103112     

CONVERGENCE: REL_REDUCTION_OF_F_<=_FACTR*EPSMCH             
