Evaluating  ['../camera_calibration/outputs/fixed_angle_dat_info/2020-01-14_15-39-36.txt', '../camera_calibration/outputs/fixed_angle_dat_info/2020-01-14_15-40-02.txt'] ['../real_robot_data/Jan14_2020_Control_Signals/control_take21.csg', '../real_robot_data/Jan14_2020_Control_Signals/control_take22.csg']
factor = 0.7
Reading ground truth data and control signals...
Data read successfully.
Initial Guess:  [0.07630829 0.77991879 0.43840923 0.72346518]
Initial Loss:  [115.63479951]
Final coefficients:  [0.         0.44433456 0.50528935 0.        ]
Final Loss:  [35.24500983]
RUNNING THE L-BFGS-B CODE

           * * *

Machine precision = 2.220D-16
 N =            4     M =           10

At X0         0 variables are exactly at the bounds

At iterate    0    f=  1.15635D+02    |proj g|=  1.56159D+00

At iterate    1    f=  5.03492D+01    |proj g|=  1.94244D+00

At iterate    2    f=  4.77642D+01    |proj g|=  1.93850D+00

At iterate    3    f=  4.68752D+01    |proj g|=  1.24509D+00

At iterate    4    f=  4.03675D+01    |proj g|=  1.91431D+00

At iterate    5    f=  4.00282D+01    |proj g|=  1.27550D+00

At iterate    6    f=  3.99992D+01    |proj g|=  1.27843D+00

At iterate    7    f=  3.99738D+01    |proj g|=  1.28099D+00

At iterate    8    f=  3.99610D+01    |proj g|=  1.28274D+00

At iterate    9    f=  3.99556D+01    |proj g|=  1.28382D+00

At iterate   10    f=  3.99481D+01    |proj g|=  1.28510D+00

At iterate   11    f=  3.99451D+01    |proj g|=  1.28584D+00

At iterate   12    f=  3.99434D+01    |proj g|=  1.28638D+00

At iterate   13    f=  3.99408D+01    |proj g|=  1.28729D+00

At iterate   14    f=  3.92924D+01    |proj g|=  1.37126D+00

At iterate   15    f=  3.46085D+01    |proj g|=  1.43875D+00

At iterate   16    f=  3.21853D+01    |proj g|=  1.80972D+00

At iterate   17    f=  3.20184D+01    |proj g|=  1.45900D+00

At iterate   18    f=  3.19245D+01    |proj g|=  1.85194D+00

At iterate   19    f=  2.94215D+01    |proj g|=  2.00000D+00

At iterate   20    f=  2.92719D+01    |proj g|=  1.55343D+00

At iterate   21    f=  2.80250D+01    |proj g|=  1.51983D+00

At iterate   22    f=  2.75174D+01    |proj g|=  1.52930D+00

At iterate   23    f=  2.69248D+01    |proj g|=  4.91174D-01

At iterate   24    f=  2.69078D+01    |proj g|=  2.00000D+00

At iterate   25    f=  2.68733D+01    |proj g|=  4.88069D-01

At iterate   26    f=  2.68396D+01    |proj g|=  1.53690D+00

At iterate   27    f=  2.68151D+01    |proj g|=  1.49957D+00

At iterate   28    f=  2.68119D+01    |proj g|=  1.53808D+00

At iterate   29    f=  2.68101D+01    |proj g|=  1.49612D+00

At iterate   30    f=  2.68096D+01    |proj g|=  1.28710D+00

At iterate   31    f=  2.68093D+01    |proj g|=  1.20520D+00

At iterate   32    f=  2.68093D+01    |proj g|=  6.72831D-01

At iterate   33    f=  2.68093D+01    |proj g|=  3.97603D-01

At iterate   34    f=  2.68093D+01    |proj g|=  1.48036D-01

At iterate   35    f=  2.68093D+01    |proj g|=  3.97344D-01

At iterate   36    f=  2.68093D+01    |proj g|=  3.96866D-01

At iterate   37    f=  2.68093D+01    |proj g|=  3.96797D-01

At iterate   38    f=  2.68093D+01    |proj g|=  4.75075D-01

           * * *

Tit   = total number of iterations
Tnf   = total number of function evaluations
Tnint = total number of segments explored during Cauchy searches
Skip  = number of BFGS updates skipped
Nact  = number of active bounds at final generalized Cauchy point
Projg = norm of the final projected gradient
F     = final function value

           * * *

   N    Tit     Tnf  Tnint  Skip  Nact     Projg        F
    4     38    127     41     0     2   4.751D-01   2.681D+01
  F =   26.809301699406682     

CONVERGENCE: REL_REDUCTION_OF_F_<=_FACTR*EPSMCH             
