Evaluating  ['../camera_calibration/outputs/fixed_angle_dat_info/2020-01-14_15-42-29.txt', '../camera_calibration/outputs/fixed_angle_dat_info/2020-01-14_15-42-57.txt'] ['../real_robot_data/Jan14_2020_Control_Signals/control_take25.csg', '../real_robot_data/Jan14_2020_Control_Signals/control_take26.csg']
factor = 1.0
Reading ground truth data and control signals...
Data read successfully.
Initial Guess:  [0.07630829 0.77991879 0.43840923 0.72346518]
Initial Loss:  [202.44798521]
Final coefficients:  [0.         0.50748485 0.47179799 0.24267292]
Final Loss:  [56.1936535]
RUNNING THE L-BFGS-B CODE

           * * *

Machine precision = 2.220D-16
 N =            4     M =           10

At X0         0 variables are exactly at the bounds

At iterate    0    f=  2.02448D+02    |proj g|=  1.56159D+00

At iterate    1    f=  7.34092D+01    |proj g|=  1.39483D+00

At iterate    2    f=  7.26589D+01    |proj g|=  1.93275D+00

At iterate    3    f=  6.32253D+01    |proj g|=  1.38058D+00

At iterate    4    f=  5.85620D+01    |proj g|=  1.98068D+00

At iterate    5    f=  5.68676D+01    |proj g|=  1.99135D+00

At iterate    6    f=  5.65862D+01    |proj g|=  1.67350D+00

At iterate    7    f=  5.64916D+01    |proj g|=  7.66141D-01

At iterate    8    f=  5.64474D+01    |proj g|=  1.58395D+00

At iterate    9    f=  5.64265D+01    |proj g|=  1.57736D+00

At iterate   10    f=  5.63731D+01    |proj g|=  1.55221D+00

At iterate   11    f=  5.63098D+01    |proj g|=  1.52060D+00

At iterate   12    f=  5.62111D+01    |proj g|=  1.52178D+00

At iterate   13    f=  5.61951D+01    |proj g|=  8.35184D-01

At iterate   14    f=  5.61938D+01    |proj g|=  1.41097D-01

At iterate   15    f=  5.61937D+01    |proj g|=  2.60322D-02

At iterate   16    f=  5.61937D+01    |proj g|=  1.65805D-02

At iterate   17    f=  5.61937D+01    |proj g|=  2.63654D-02

At iterate   18    f=  5.61937D+01    |proj g|=  2.62695D-02

At iterate   19    f=  5.61937D+01    |proj g|=  2.62901D-02

           * * *

Tit   = total number of iterations
Tnf   = total number of function evaluations
Tnint = total number of segments explored during Cauchy searches
Skip  = number of BFGS updates skipped
Nact  = number of active bounds at final generalized Cauchy point
Projg = norm of the final projected gradient
F     = final function value

           * * *

   N    Tit     Tnf  Tnint  Skip  Nact     Projg        F
    4     19     45     22     0     1   2.629D-02   5.619D+01
  F =   56.193653500219142     

CONVERGENCE: REL_REDUCTION_OF_F_<=_FACTR*EPSMCH             
