Evaluating  ['../camera_calibration/outputs/fixed_angle_dat_info/2020-01-14_15-27-31.txt', '../camera_calibration/outputs/fixed_angle_dat_info/2020-01-14_15-28-09.txt'] ['../real_robot_data/Jan14_2020_Control_Signals/control_take11.csg', '../real_robot_data/Jan14_2020_Control_Signals/control_take12.csg']
factor = 0.1
Reading ground truth data and control signals...
Data read successfully.
Initial Guess:  [0.07630829 0.77991879 0.43840923 0.72346518]
Initial Loss:  [17.4959414]
Final coefficients:  [0.         0.55751106 0.         0.        ]
Final Loss:  [96.83043127]
RUNNING THE L-BFGS-B CODE

           * * *

Machine precision = 2.220D-16
 N =            4     M =           10

At X0         0 variables are exactly at the bounds

At iterate    0    f=  1.74959D+01    |proj g|=  1.19525D+00

At iterate    1    f=  1.69512D+01    |proj g|=  4.79457D-01

At iterate    2    f=  1.69499D+01    |proj g|=  6.66754D-01

At iterate    3    f=  1.67438D+01    |proj g|=  3.21430D-01

At iterate    4    f=  1.67123D+01    |proj g|=  4.73932D-01

At iterate    5    f=  1.67109D+01    |proj g|=  8.33888D-01

At iterate    6    f=  1.67099D+01    |proj g|=  1.60327D+00

At iterate    7    f=  1.66367D+01    |proj g|=  4.39514D-01

At iterate    8    f=  1.66313D+01    |proj g|=  3.21417D-01

At iterate    9    f=  1.66285D+01    |proj g|=  3.45710D-01

At iterate   10    f=  1.66227D+01    |proj g|=  1.20251D+00

At iterate   11    f=  1.66126D+01    |proj g|=  1.04756D+00

At iterate   12    f=  1.65903D+01    |proj g|=  1.29261D-01

At iterate   13    f=  1.65901D+01    |proj g|=  5.19111D-01

At iterate   14    f=  1.65888D+01    |proj g|=  3.46074D-01

At iterate   15    f=  1.65863D+01    |proj g|=  1.61358D-01

At iterate   16    f=  1.65836D+01    |proj g|=  1.28716D-01

At iterate   17    f=  1.65835D+01    |proj g|=  5.98146D-02

At iterate   18    f=  1.65835D+01    |proj g|=  1.09807D-02

At iterate   19    f=  1.65835D+01    |proj g|=  1.09491D-02

At iterate   20    f=  1.65835D+01    |proj g|=  1.09495D-02
  ys=-2.268E-12  -gs= 6.991E-08 BFGS update SKIPPED

At iterate   21    f=  1.65835D+01    |proj g|=  1.09495D-02

           * * *

Tit   = total number of iterations
Tnf   = total number of function evaluations
Tnint = total number of segments explored during Cauchy searches
Skip  = number of BFGS updates skipped
Nact  = number of active bounds at final generalized Cauchy point
Projg = norm of the final projected gradient
F     = final function value

           * * *

   N    Tit     Tnf  Tnint  Skip  Nact     Projg        F
    4     21     72     23     1     3   1.095D-02   1.658D+01
  F =   16.583483476946384     

CONVERGENCE: REL_REDUCTION_OF_F_<=_FACTR*EPSMCH             
