Evaluating  ['../camera_calibration/outputs/fixed_angle_dat_info/2020-01-14_15-39-36.txt', '../camera_calibration/outputs/fixed_angle_dat_info/2020-01-14_15-40-02.txt'] ['../real_robot_data/Jan14_2020_Control_Signals/control_take21.csg', '../real_robot_data/Jan14_2020_Control_Signals/control_take22.csg']
factor = 0.6
Reading ground truth data and control signals...
Data read successfully.
Initial Guess:  [0.07630829 0.77991879 0.43840923 0.72346518]
Initial Loss:  [92.55083963]
Final coefficients:  [0.         0.43441738 0.50507734 0.        ]
Final Loss:  [36.54946382]
RUNNING THE L-BFGS-B CODE

           * * *

Machine precision = 2.220D-16
 N =            4     M =           10

At X0         0 variables are exactly at the bounds

At iterate    0    f=  9.25508D+01    |proj g|=  1.56159D+00

At iterate    1    f=  4.72588D+01    |proj g|=  1.94303D+00

At iterate    2    f=  4.61154D+01    |proj g|=  1.20216D+00

At iterate    3    f=  4.49248D+01    |proj g|=  1.23052D+00

At iterate    4    f=  4.18921D+01    |proj g|=  1.39948D+00

At iterate    5    f=  3.73650D+01    |proj g|=  1.54545D+00

At iterate    6    f=  3.33519D+01    |proj g|=  2.00000D+00

At iterate    7    f=  3.23604D+01    |proj g|=  1.84416D+00

At iterate    8    f=  3.20892D+01    |proj g|=  1.83617D+00

At iterate    9    f=  3.20301D+01    |proj g|=  1.82521D+00

At iterate   10    f=  3.19094D+01    |proj g|=  2.00000D+00

At iterate   11    f=  3.10181D+01    |proj g|=  1.68182D+00

At iterate   12    f=  3.06781D+01    |proj g|=  1.59717D+00

At iterate   13    f=  3.05992D+01    |proj g|=  4.89022D-01

At iterate   14    f=  3.04869D+01    |proj g|=  5.03412D-01

At iterate   15    f=  3.04855D+01    |proj g|=  3.49412D-01

At iterate   16    f=  3.04854D+01    |proj g|=  2.74324D-01

At iterate   17    f=  3.04854D+01    |proj g|=  2.73243D-01

At iterate   18    f=  3.04854D+01    |proj g|=  1.24680D-01

           * * *

Tit   = total number of iterations
Tnf   = total number of function evaluations
Tnint = total number of segments explored during Cauchy searches
Skip  = number of BFGS updates skipped
Nact  = number of active bounds at final generalized Cauchy point
Projg = norm of the final projected gradient
F     = final function value

           * * *

   N    Tit     Tnf  Tnint  Skip  Nact     Projg        F
    4     18     41     22     0     2   1.247D-01   3.049D+01
  F =   30.485379872257397     

CONVERGENCE: REL_REDUCTION_OF_F_<=_FACTR*EPSMCH             
