Evaluating  ['../camera_calibration/outputs/fixed_angle_dat_info/2020-01-14_15-44-37.txt', '../camera_calibration/outputs/fixed_angle_dat_info/2020-01-14_15-45-14.txt'] ['../real_robot_data/Jan14_2020_Control_Signals/control_take27.csg', '../real_robot_data/Jan14_2020_Control_Signals/control_take28.csg']
factor = 0.5
Reading ground truth data and control signals...
Data read successfully.
Initial Guess:  [0.07630829 0.77991879 0.43840923 0.72346518]
Initial Loss:  [107.08568387]
Final coefficients:  [0.         0.78709711 0.52019563 0.        ]
Final Loss:  [37.92511174]
RUNNING THE L-BFGS-B CODE

           * * *

Machine precision = 2.220D-16
 N =            4     M =           10

At X0         0 variables are exactly at the bounds

At iterate    0    f=  1.07086D+02    |proj g|=  1.56159D+00

At iterate    1    f=  5.44033D+01    |proj g|=  1.94625D+00

At iterate    2    f=  5.33669D+01    |proj g|=  1.83246D+00

At iterate    3    f=  5.09304D+01    |proj g|=  1.26837D+00

At iterate    4    f=  5.00057D+01    |proj g|=  1.77652D+00

At iterate    5    f=  4.88557D+01    |proj g|=  1.76663D+00

At iterate    6    f=  4.85990D+01    |proj g|=  7.70029D-01

At iterate    7    f=  4.83909D+01    |proj g|=  1.31368D+00

At iterate    8    f=  4.70148D+01    |proj g|=  1.33827D+00

At iterate    9    f=  4.63423D+01    |proj g|=  1.12888D+00

At iterate   10    f=  4.60316D+01    |proj g|=  1.38387D+00

At iterate   11    f=  4.59787D+01    |proj g|=  1.37200D+00

At iterate   12    f=  4.59143D+01    |proj g|=  6.04279D-01

At iterate   13    f=  4.57861D+01    |proj g|=  2.00000D+00

At iterate   14    f=  4.57480D+01    |proj g|=  1.28402D+00

At iterate   15    f=  4.56795D+01    |proj g|=  1.46797D+00

At iterate   16    f=  4.56695D+01    |proj g|=  1.16136D+00

At iterate   17    f=  4.56686D+01    |proj g|=  5.16343D-01

At iterate   18    f=  4.56684D+01    |proj g|=  2.62901D-02

At iterate   19    f=  4.56683D+01    |proj g|=  2.45045D-02

At iterate   20    f=  4.56683D+01    |proj g|=  2.37684D-02

At iterate   21    f=  4.56683D+01    |proj g|=  2.37115D-02

At iterate   22    f=  4.56683D+01    |proj g|=  5.09480D-02

           * * *

Tit   = total number of iterations
Tnf   = total number of function evaluations
Tnint = total number of segments explored during Cauchy searches
Skip  = number of BFGS updates skipped
Nact  = number of active bounds at final generalized Cauchy point
Projg = norm of the final projected gradient
F     = final function value

           * * *

   N    Tit     Tnf  Tnint  Skip  Nact     Projg        F
    4     22     51     25     0     2   5.095D-02   4.567D+01
  F =   45.668347730816635     

CONVERGENCE: REL_REDUCTION_OF_F_<=_FACTR*EPSMCH             
