Evaluating  ['../camera_calibration/outputs/fixed_angle_dat_info/2020-01-14_15-20-08.txt', '../camera_calibration/outputs/fixed_angle_dat_info/2020-01-14_15-20-39.txt'] ['../real_robot_data/Jan14_2020_Control_Signals/control_take07.csg', '../real_robot_data/Jan14_2020_Control_Signals/control_take08.csg']
factor = 0.8
Reading ground truth data and control signals...
Data read successfully.
Initial Guess:  [0.07630829 0.77991879 0.43840923 0.72346518]
Initial Loss:  [64.5076637]
Final coefficients:  [0.         0.63850676 0.279051   0.01991892]
Final Loss:  [57.40553757]
RUNNING THE L-BFGS-B CODE

           * * *

Machine precision = 2.220D-16
 N =            4     M =           10

At X0         0 variables are exactly at the bounds

At iterate    0    f=  6.45077D+01    |proj g|=  1.56159D+00

At iterate    1    f=  5.52803D+01    |proj g|=  1.51999D+00

At iterate    2    f=  5.43765D+01    |proj g|=  1.92597D+00

At iterate    3    f=  5.41320D+01    |proj g|=  1.92573D+00

At iterate    4    f=  5.22732D+01    |proj g|=  1.92246D+00

At iterate    5    f=  5.00256D+01    |proj g|=  1.90044D+00

At iterate    6    f=  4.41628D+01    |proj g|=  1.92705D+00

At iterate    7    f=  4.33117D+01    |proj g|=  6.79029D-01

At iterate    8    f=  4.30817D+01    |proj g|=  6.72107D-01

At iterate    9    f=  4.30817D+01    |proj g|=  1.33650D+00
  Positive dir derivative in projection 
  Using the backtracking step 

At iterate   10    f=  4.19045D+01    |proj g|=  1.35691D+00

At iterate   11    f=  4.18460D+01    |proj g|=  1.36249D+00

At iterate   12    f=  4.18178D+01    |proj g|=  1.36501D+00

At iterate   13    f=  4.16833D+01    |proj g|=  1.36888D+00

At iterate   14    f=  4.11601D+01    |proj g|=  2.00000D+00

At iterate   15    f=  4.11316D+01    |proj g|=  1.36973D+00

At iterate   16    f=  3.71682D+01    |proj g|=  6.38445D-01

At iterate   17    f=  3.71007D+01    |proj g|=  1.36149D+00

At iterate   18    f=  3.71007D+01    |proj g|=  1.36149D+00

At iterate   19    f=  3.71007D+01    |proj g|=  1.36149D+00

           * * *

Tit   = total number of iterations
Tnf   = total number of function evaluations
Tnint = total number of segments explored during Cauchy searches
Skip  = number of BFGS updates skipped
Nact  = number of active bounds at final generalized Cauchy point
Projg = norm of the final projected gradient
F     = final function value

           * * *

   N    Tit     Tnf  Tnint  Skip  Nact     Projg        F
    4     19     67     22     0     1   1.361D+00   3.710D+01
  F =   37.100732406113053     

CONVERGENCE: REL_REDUCTION_OF_F_<=_FACTR*EPSMCH             
