Evaluating  ['../camera_calibration/outputs/fixed_angle_dat_info/2020-01-14_15-49-55.txt', '../camera_calibration/outputs/fixed_angle_dat_info/2020-01-14_15-50-34.txt'] ['../real_robot_data/Jan14_2020_Control_Signals/control_take33.csg', '../real_robot_data/Jan14_2020_Control_Signals/control_take34.csg']
factor = 0.4
Reading ground truth data and control signals...
Data read successfully.
Initial Guess:  [0.07630829 0.77991879 0.43840923 0.72346518]
Initial Loss:  [86.26514621]
Final coefficients:  [0.         0.89172292 0.25007003 0.        ]
Final Loss:  [86.71247368]
RUNNING THE L-BFGS-B CODE

           * * *

Machine precision = 2.220D-16
 N =            4     M =           10

At X0         0 variables are exactly at the bounds

At iterate    0    f=  8.62651D+01    |proj g|=  1.56159D+00

At iterate    1    f=  6.09502D+01    |proj g|=  1.46023D+00

At iterate    2    f=  5.97392D+01    |proj g|=  1.05387D+00

At iterate    3    f=  5.96021D+01    |proj g|=  1.22872D+00

At iterate    4    f=  5.91147D+01    |proj g|=  9.98009D-01

At iterate    5    f=  5.87035D+01    |proj g|=  9.59022D-01

At iterate    6    f=  5.74184D+01    |proj g|=  1.25306D+00

At iterate    7    f=  5.70929D+01    |proj g|=  1.46652D+00

At iterate    8    f=  5.68646D+01    |proj g|=  1.11508D+00

At iterate    9    f=  5.68607D+01    |proj g|=  1.47699D+00

At iterate   10    f=  5.68606D+01    |proj g|=  1.47724D+00
  Positive dir derivative in projection 
  Using the backtracking step 

At iterate   11    f=  5.62607D+01    |proj g|=  1.45376D+00

At iterate   12    f=  5.60565D+01    |proj g|=  5.75803D-01

At iterate   13    f=  5.58685D+01    |proj g|=  1.73415D+00

At iterate   14    f=  5.58513D+01    |proj g|=  1.75078D+00

At iterate   15    f=  5.57632D+01    |proj g|=  1.79082D+00

At iterate   16    f=  5.57403D+01    |proj g|=  1.79596D+00

At iterate   17    f=  5.57352D+01    |proj g|=  7.78280D-01

At iterate   18    f=  5.57053D+01    |proj g|=  1.11859D-01

At iterate   19    f=  5.57048D+01    |proj g|=  6.09283D-02

At iterate   20    f=  5.57048D+01    |proj g|=  1.29900D-01

At iterate   21    f=  5.57048D+01    |proj g|=  3.64464D-01

At iterate   22    f=  5.57048D+01    |proj g|=  1.29318D-01

At iterate   23    f=  5.57048D+01    |proj g|=  1.29320D-01

At iterate   24    f=  5.57048D+01    |proj g|=  9.01409D-02

           * * *

Tit   = total number of iterations
Tnf   = total number of function evaluations
Tnint = total number of segments explored during Cauchy searches
Skip  = number of BFGS updates skipped
Nact  = number of active bounds at final generalized Cauchy point
Projg = norm of the final projected gradient
F     = final function value

           * * *

   N    Tit     Tnf  Tnint  Skip  Nact     Projg        F
    4     24     68     28     0     2   9.014D-02   5.570D+01
  F =   55.704756226769739     

CONVERGENCE: REL_REDUCTION_OF_F_<=_FACTR*EPSMCH             
