Evaluating  ['../camera_calibration/outputs/fixed_angle_dat_info/2020-01-14_15-42-29.txt', '../camera_calibration/outputs/fixed_angle_dat_info/2020-01-14_15-42-57.txt'] ['../real_robot_data/Jan14_2020_Control_Signals/control_take25.csg', '../real_robot_data/Jan14_2020_Control_Signals/control_take26.csg']
factor = 0.2
Reading ground truth data and control signals...
Data read successfully.
Initial Guess:  [0.07630829 0.77991879 0.43840923 0.72346518]
Initial Loss:  [34.74109999]
Final coefficients:  [0.         0.         0.20985668 0.        ]
Final Loss:  [290.19580506]
RUNNING THE L-BFGS-B CODE

           * * *

Machine precision = 2.220D-16
 N =            4     M =           10

At X0         0 variables are exactly at the bounds

At iterate    0    f=  3.47411D+01    |proj g|=  1.56159D+00

At iterate    1    f=  3.14383D+01    |proj g|=  7.47530D-01

At iterate    2    f=  3.14027D+01    |proj g|=  7.35133D-01

At iterate    3    f=  3.13802D+01    |proj g|=  1.28234D+00

At iterate    4    f=  3.12665D+01    |proj g|=  1.30714D+00

At iterate    5    f=  3.02135D+01    |proj g|=  7.65994D-01

At iterate    6    f=  3.02133D+01    |proj g|=  8.66182D-01

At iterate    7    f=  3.02133D+01    |proj g|=  8.67665D-01

At iterate    8    f=  3.02022D+01    |proj g|=  2.64809D-01

At iterate    9    f=  3.01940D+01    |proj g|=  1.02877D+00
  Positive dir derivative in projection 
  Using the backtracking step 

At iterate   10    f=  3.00471D+01    |proj g|=  2.26762D-01

At iterate   11    f=  3.00326D+01    |proj g|=  2.14122D-01

At iterate   12    f=  3.00322D+01    |proj g|=  1.23742D-01

At iterate   13    f=  3.00320D+01    |proj g|=  4.69750D-02

At iterate   14    f=  3.00320D+01    |proj g|=  4.69694D-02

At iterate   15    f=  3.00320D+01    |proj g|=  2.90566D-02

           * * *

Tit   = total number of iterations
Tnf   = total number of function evaluations
Tnint = total number of segments explored during Cauchy searches
Skip  = number of BFGS updates skipped
Nact  = number of active bounds at final generalized Cauchy point
Projg = norm of the final projected gradient
F     = final function value

           * * *

   N    Tit     Tnf  Tnint  Skip  Nact     Projg        F
    4     15     55     21     0     3   2.906D-02   3.003D+01
  F =   30.032037165683814     

CONVERGENCE: REL_REDUCTION_OF_F_<=_FACTR*EPSMCH             
