Evaluating  ['../camera_calibration/outputs/fixed_angle_dat_info/2020-01-14_15-11-38.txt', '../camera_calibration/outputs/fixed_angle_dat_info/2020-01-14_15-14-15.txt'] ['../real_robot_data/Jan14_2020_Control_Signals/control_take01.csg', '../real_robot_data/Jan14_2020_Control_Signals/control_take02.csg']
factor = 0.5
Reading ground truth data and control signals...
Data read successfully.
Initial Guess:  [0.07630829 0.77991879 0.43840923 0.72346518]
Initial Loss:  [43.54616755]
Final coefficients:  [0.         0.62390656 0.34215116 0.        ]
Final Loss:  [74.76176239]
RUNNING THE L-BFGS-B CODE

           * * *

Machine precision = 2.220D-16
 N =            4     M =           10

At X0         0 variables are exactly at the bounds

At iterate    0    f=  4.35462D+01    |proj g|=  1.92369D+00

At iterate    1    f=  4.17690D+01    |proj g|=  1.57638D+00

At iterate    2    f=  4.16022D+01    |proj g|=  1.57263D+00

At iterate    3    f=  4.10776D+01    |proj g|=  1.90239D+00

At iterate    4    f=  4.04971D+01    |proj g|=  1.91968D+00

At iterate    5    f=  3.57679D+01    |proj g|=  2.00000D+00

At iterate    6    f=  3.50540D+01    |proj g|=  1.91044D+00

At iterate    7    f=  3.45945D+01    |proj g|=  1.44986D+00

At iterate    8    f=  3.43226D+01    |proj g|=  1.46264D+00

At iterate    9    f=  3.42049D+01    |proj g|=  5.90768D-01

At iterate   10    f=  3.41054D+01    |proj g|=  1.38728D+00

At iterate   11    f=  3.40140D+01    |proj g|=  1.51964D+00

At iterate   12    f=  3.35978D+01    |proj g|=  1.67241D+00

At iterate   13    f=  3.30013D+01    |proj g|=  2.00000D+00

At iterate   14    f=  3.29201D+01    |proj g|=  1.69857D+00

At iterate   15    f=  3.27989D+01    |proj g|=  2.00000D+00

At iterate   16    f=  3.27780D+01    |proj g|=  1.66915D+00

At iterate   17    f=  3.27624D+01    |proj g|=  1.37663D+00

At iterate   18    f=  3.27618D+01    |proj g|=  6.24174D-01

At iterate   19    f=  3.27618D+01    |proj g|=  2.36511D-01

At iterate   20    f=  3.27618D+01    |proj g|=  6.94342D-03

At iterate   21    f=  3.27618D+01    |proj g|=  6.88232D-03

At iterate   22    f=  3.27618D+01    |proj g|=  2.32013D-01

           * * *

Tit   = total number of iterations
Tnf   = total number of function evaluations
Tnint = total number of segments explored during Cauchy searches
Skip  = number of BFGS updates skipped
Nact  = number of active bounds at final generalized Cauchy point
Projg = norm of the final projected gradient
F     = final function value

           * * *

   N    Tit     Tnf  Tnint  Skip  Nact     Projg        F
    4     22     55     25     0     2   2.320D-01   3.276D+01
  F =   32.761772789125516     

CONVERGENCE: REL_REDUCTION_OF_F_<=_FACTR*EPSMCH             
