Evaluating  ['../camera_calibration/outputs/fixed_angle_dat_info/2020-01-14_15-27-31.txt', '../camera_calibration/outputs/fixed_angle_dat_info/2020-01-14_15-28-09.txt'] ['../real_robot_data/Jan14_2020_Control_Signals/control_take11.csg', '../real_robot_data/Jan14_2020_Control_Signals/control_take12.csg']
factor = 0.8
Reading ground truth data and control signals...
Data read successfully.
Initial Guess:  [0.07630829 0.77991879 0.43840923 0.72346518]
Initial Loss:  [70.63569129]
Final coefficients:  [0.         0.53360647 0.04575163 0.        ]
Final Loss:  [95.2037871]
RUNNING THE L-BFGS-B CODE

           * * *

Machine precision = 2.220D-16
 N =            4     M =           10

At X0         0 variables are exactly at the bounds

At iterate    0    f=  7.06357D+01    |proj g|=  1.92369D+00

At iterate    1    f=  7.01925D+01    |proj g|=  1.56443D+00

At iterate    2    f=  6.89927D+01    |proj g|=  1.90388D+00

At iterate    3    f=  6.24874D+01    |proj g|=  1.78375D+00

At iterate    4    f=  5.74684D+01    |proj g|=  1.74781D+00

At iterate    5    f=  5.73242D+01    |proj g|=  1.63802D+00

At iterate    6    f=  5.72854D+01    |proj g|=  7.17796D-01

At iterate    7    f=  5.72251D+01    |proj g|=  7.16932D-01

At iterate    8    f=  5.63460D+01    |proj g|=  1.80709D+00

At iterate    9    f=  5.48171D+01    |proj g|=  1.62323D+00

At iterate   10    f=  5.33220D+01    |proj g|=  1.65115D+00
  Positive dir derivative in projection 
  Using the backtracking step 

At iterate   11    f=  5.25992D+01    |proj g|=  1.68781D+00

At iterate   12    f=  5.20269D+01    |proj g|=  1.76074D+00

At iterate   13    f=  5.20155D+01    |proj g|=  1.76767D+00

At iterate   14    f=  5.18717D+01    |proj g|=  1.80473D+00

At iterate   15    f=  5.18682D+01    |proj g|=  1.80797D+00

At iterate   16    f=  5.18503D+01    |proj g|=  1.81651D+00

At iterate   17    f=  5.18499D+01    |proj g|=  1.81726D+00
  Positive dir derivative in projection 
  Using the backtracking step 

At iterate   18    f=  5.11081D+01    |proj g|=  1.94677D+00

At iterate   19    f=  5.10017D+01    |proj g|=  2.00000D+00

At iterate   20    f=  5.09855D+01    |proj g|=  1.98356D+00

At iterate   21    f=  5.09320D+01    |proj g|=  1.96779D+00

At iterate   22    f=  5.09105D+01    |proj g|=  1.29585D+00

At iterate   23    f=  5.09067D+01    |proj g|=  1.37418D+00

At iterate   24    f=  5.09062D+01    |proj g|=  5.33658D-01

At iterate   25    f=  5.09062D+01    |proj g|=  5.24554D-01

At iterate   26    f=  5.09062D+01    |proj g|=  2.99696D-01

At iterate   27    f=  5.09062D+01    |proj g|=  2.19063D-01

           * * *

Tit   = total number of iterations
Tnf   = total number of function evaluations
Tnint = total number of segments explored during Cauchy searches
Skip  = number of BFGS updates skipped
Nact  = number of active bounds at final generalized Cauchy point
Projg = norm of the final projected gradient
F     = final function value

           * * *

   N    Tit     Tnf  Tnint  Skip  Nact     Projg        F
    4     27     51     30     0     2   2.191D-01   5.091D+01
  F =   50.906194841804336     

CONVERGENCE: REL_REDUCTION_OF_F_<=_FACTR*EPSMCH             
