Evaluating  ['../camera_calibration/outputs/fixed_angle_dat_info/2020-01-14_15-27-31.txt', '../camera_calibration/outputs/fixed_angle_dat_info/2020-01-14_15-28-09.txt'] ['../real_robot_data/Jan14_2020_Control_Signals/control_take11.csg', '../real_robot_data/Jan14_2020_Control_Signals/control_take12.csg']
factor = 0.2
Reading ground truth data and control signals...
Data read successfully.
Initial Guess:  [0.07630829 0.77991879 0.43840923 0.72346518]
Initial Loss:  [32.97153956]
Final coefficients:  [0.         0.53185492 0.         0.        ]
Final Loss:  [99.64064348]
RUNNING THE L-BFGS-B CODE

           * * *

Machine precision = 2.220D-16
 N =            4     M =           10

At X0         0 variables are exactly at the bounds

At iterate    0    f=  3.29715D+01    |proj g|=  1.92369D+00

At iterate    1    f=  3.09334D+01    |proj g|=  1.19213D+00

At iterate    2    f=  3.09201D+01    |proj g|=  1.29162D+00

At iterate    3    f=  3.08647D+01    |proj g|=  6.37503D-01

At iterate    4    f=  3.07443D+01    |proj g|=  1.87800D+00

At iterate    5    f=  3.03970D+01    |proj g|=  1.95914D+00

At iterate    6    f=  3.01977D+01    |proj g|=  1.42407D+00
  Positive dir derivative in projection 
  Using the backtracking step 

At iterate    7    f=  3.00537D+01    |proj g|=  5.75397D-01

At iterate    8    f=  3.00310D+01    |proj g|=  5.69330D-01

At iterate    9    f=  2.99999D+01    |proj g|=  1.44113D+00

At iterate   10    f=  2.99596D+01    |proj g|=  1.44660D+00

At iterate   11    f=  2.96367D+01    |proj g|=  1.47795D+00
  Positive dir derivative in projection 
  Using the backtracking step 

At iterate   12    f=  2.94014D+01    |proj g|=  1.48997D+00

At iterate   13    f=  2.92393D+01    |proj g|=  5.32316D-01

At iterate   14    f=  2.92322D+01    |proj g|=  3.62506D-01

At iterate   15    f=  2.91700D+01    |proj g|=  3.09174D-02

At iterate   16    f=  2.91430D+01    |proj g|=  5.32344D-01

At iterate   17    f=  2.91429D+01    |proj g|=  6.35104D-01

At iterate   18    f=  2.91428D+01    |proj g|=  6.89361D-02

At iterate   19    f=  2.91428D+01    |proj g|=  6.86725D-02

At iterate   20    f=  2.91428D+01    |proj g|=  6.86715D-02

           * * *

Tit   = total number of iterations
Tnf   = total number of function evaluations
Tnint = total number of segments explored during Cauchy searches
Skip  = number of BFGS updates skipped
Nact  = number of active bounds at final generalized Cauchy point
Projg = norm of the final projected gradient
F     = final function value

           * * *

   N    Tit     Tnf  Tnint  Skip  Nact     Projg        F
    4     20     50     24     0     3   6.867D-02   2.914D+01
  F =   29.142812230986888     

CONVERGENCE: REL_REDUCTION_OF_F_<=_FACTR*EPSMCH             
