Evaluating  ['../camera_calibration/outputs/fixed_angle_dat_info/2020-01-14_15-24-05.txt', '../camera_calibration/outputs/fixed_angle_dat_info/2020-01-14_15-25-16.txt'] ['../real_robot_data/Jan14_2020_Control_Signals/control_take09.csg', '../real_robot_data/Jan14_2020_Control_Signals/control_take10.csg']
factor = 0.2
Reading ground truth data and control signals...
Data read successfully.
Initial Guess:  [0.07630829 0.77991879 0.43840923 0.72346518]
Initial Loss:  [39.27521971]
Final coefficients:  [0.         0.05342804 0.05746051 0.        ]
Final Loss:  [438.47894262]
RUNNING THE L-BFGS-B CODE

           * * *

Machine precision = 2.220D-16
 N =            4     M =           10

At X0         0 variables are exactly at the bounds

At iterate    0    f=  3.92752D+01    |proj g|=  1.92369D+00

At iterate    1    f=  3.46955D+01    |proj g|=  1.45867D+00

At iterate    2    f=  3.44077D+01    |proj g|=  5.93803D-01

At iterate    3    f=  3.36073D+01    |proj g|=  1.70157D+00

At iterate    4    f=  3.26485D+01    |proj g|=  1.81621D+00

At iterate    5    f=  3.25967D+01    |proj g|=  1.02656D+00

At iterate    6    f=  3.25790D+01    |proj g|=  8.12504D-02

At iterate    7    f=  3.25780D+01    |proj g|=  2.43226D-02

At iterate    8    f=  3.25778D+01    |proj g|=  2.62830D-02

At iterate    9    f=  3.25777D+01    |proj g|=  2.78185D-02

At iterate   10    f=  3.25777D+01    |proj g|=  2.78391D-02

At iterate   11    f=  3.25777D+01    |proj g|=  2.78384D-02

           * * *

Tit   = total number of iterations
Tnf   = total number of function evaluations
Tnint = total number of segments explored during Cauchy searches
Skip  = number of BFGS updates skipped
Nact  = number of active bounds at final generalized Cauchy point
Projg = norm of the final projected gradient
F     = final function value

           * * *

   N    Tit     Tnf  Tnint  Skip  Nact     Projg        F
    4     11     45     14     0     2   2.784D-02   3.258D+01
  F =   32.577704471107729     

CONVERGENCE: REL_REDUCTION_OF_F_<=_FACTR*EPSMCH             
