Evaluating  ['../camera_calibration/outputs/fixed_angle_dat_info/2020-01-14_15-49-55.txt', '../camera_calibration/outputs/fixed_angle_dat_info/2020-01-14_15-50-34.txt'] ['../real_robot_data/Jan14_2020_Control_Signals/control_take33.csg', '../real_robot_data/Jan14_2020_Control_Signals/control_take34.csg']
factor = 0.7
Reading ground truth data and control signals...
Data read successfully.
Initial Guess:  [0.07630829 0.77991879 0.43840923 0.72346518]
Initial Loss:  [190.38269788]
Final coefficients:  [0.         0.70633251 0.39550675 0.        ]
Final Loss:  [56.88616141]
RUNNING THE L-BFGS-B CODE

           * * *

Machine precision = 2.220D-16
 N =            4     M =           10

At X0         0 variables are exactly at the bounds

At iterate    0    f=  1.90383D+02    |proj g|=  1.56159D+00

At iterate    1    f=  1.03092D+02    |proj g|=  1.94364D+00

At iterate    2    f=  8.56892D+01    |proj g|=  1.94136D+00

At iterate    3    f=  7.98422D+01    |proj g|=  1.93753D+00

At iterate    4    f=  7.88738D+01    |proj g|=  1.27108D+00

At iterate    5    f=  7.80791D+01    |proj g|=  1.27642D+00

At iterate    6    f=  7.52947D+01    |proj g|=  1.28368D+00

At iterate    7    f=  7.19818D+01    |proj g|=  1.29130D+00

At iterate    8    f=  6.97857D+01    |proj g|=  1.30599D+00

At iterate    9    f=  6.88810D+01    |proj g|=  1.37929D+00
  Positive dir derivative in projection 
  Using the backtracking step 

At iterate   10    f=  6.55332D+01    |proj g|=  1.44587D+00

At iterate   11    f=  6.50707D+01    |proj g|=  6.63550D-01

At iterate   12    f=  6.50620D+01    |proj g|=  1.16824D+00

At iterate   13    f=  6.50603D+01    |proj g|=  1.48395D+00

At iterate   14    f=  6.50600D+01    |proj g|=  1.48436D+00
  Positive dir derivative in projection 
  Using the backtracking step 

At iterate   15    f=  6.45065D+01    |proj g|=  1.54951D+00

At iterate   16    f=  6.43267D+01    |proj g|=  1.53932D+00

At iterate   17    f=  6.40686D+01    |proj g|=  2.00000D+00

At iterate   18    f=  6.39295D+01    |proj g|=  6.20271D-01

At iterate   19    f=  6.33354D+01    |proj g|=  5.65083D-01

At iterate   20    f=  6.27900D+01    |proj g|=  1.57999D+00

At iterate   21    f=  6.26778D+01    |proj g|=  1.57303D+00

At iterate   22    f=  6.24178D+01    |proj g|=  1.57489D+00

At iterate   23    f=  6.21762D+01    |proj g|=  8.25020D-01

At iterate   24    f=  6.21688D+01    |proj g|=  6.97023D-01

At iterate   25    f=  6.21642D+01    |proj g|=  1.61501D+00

At iterate   26    f=  6.21569D+01    |proj g|=  8.90183D-01

At iterate   27    f=  6.21568D+01    |proj g|=  4.16717D-01

At iterate   28    f=  6.21567D+01    |proj g|=  8.55803D-01

At iterate   29    f=  6.21567D+01    |proj g|=  8.52718D-01

At iterate   30    f=  6.21567D+01    |proj g|=  6.94003D-01

           * * *

Tit   = total number of iterations
Tnf   = total number of function evaluations
Tnint = total number of segments explored during Cauchy searches
Skip  = number of BFGS updates skipped
Nact  = number of active bounds at final generalized Cauchy point
Projg = norm of the final projected gradient
F     = final function value

           * * *

   N    Tit     Tnf  Tnint  Skip  Nact     Projg        F
    4     30     77     33     0     2   6.940D-01   6.216D+01
  F =   62.156682724552809     

CONVERGENCE: REL_REDUCTION_OF_F_<=_FACTR*EPSMCH             
