Evaluating  ['../camera_calibration/outputs/fixed_angle_dat_info/2020-01-14_15-49-55.txt', '../camera_calibration/outputs/fixed_angle_dat_info/2020-01-14_15-50-34.txt'] ['../real_robot_data/Jan14_2020_Control_Signals/control_take33.csg', '../real_robot_data/Jan14_2020_Control_Signals/control_take34.csg']
factor = 0.9
Reading ground truth data and control signals...
Data read successfully.
Initial Guess:  [0.07630829 0.77991879 0.43840923 0.72346518]
Initial Loss:  [283.05767866]
Final coefficients:  [0.         0.661056   0.43639767 0.        ]
Final Loss:  [53.5354736]
RUNNING THE L-BFGS-B CODE

           * * *

Machine precision = 2.220D-16
 N =            4     M =           10

At X0         0 variables are exactly at the bounds

At iterate    0    f=  2.83058D+02    |proj g|=  1.56159D+00

At iterate    1    f=  1.69736D+02    |proj g|=  1.94569D+00

At iterate    2    f=  8.60493D+01    |proj g|=  1.30813D+00

At iterate    3    f=  8.33584D+01    |proj g|=  1.93562D+00

At iterate    4    f=  7.35622D+01    |proj g|=  1.28356D+00

At iterate    5    f=  7.23612D+01    |proj g|=  1.37939D+00

At iterate    6    f=  6.50680D+01    |proj g|=  1.30425D+00

At iterate    7    f=  6.45899D+01    |proj g|=  1.32270D+00

At iterate    8    f=  6.38544D+01    |proj g|=  1.76152D+00

At iterate    9    f=  6.20845D+01    |proj g|=  1.91603D+00

At iterate   10    f=  5.77347D+01    |proj g|=  2.00000D+00

At iterate   11    f=  5.76296D+01    |proj g|=  1.54500D+00

At iterate   12    f=  5.73374D+01    |proj g|=  1.53914D+00

At iterate   13    f=  5.68809D+01    |proj g|=  1.96523D+00

At iterate   14    f=  5.65639D+01    |proj g|=  6.75358D-01

At iterate   15    f=  5.46768D+01    |proj g|=  1.42986D+00

At iterate   16    f=  5.42538D+01    |proj g|=  1.49158D+00
  Positive dir derivative in projection 
  Using the backtracking step 

At iterate   17    f=  5.31098D+01    |proj g|=  1.53219D+00

At iterate   18    f=  5.28251D+01    |proj g|=  1.53993D+00

At iterate   19    f=  5.27872D+01    |proj g|=  6.46958D-01

At iterate   20    f=  5.27495D+01    |proj g|=  4.41838D-01

At iterate   21    f=  5.27467D+01    |proj g|=  1.17234D+00

At iterate   22    f=  5.27466D+01    |proj g|=  5.29036D-01

At iterate   23    f=  5.27466D+01    |proj g|=  2.80281D-01

At iterate   24    f=  5.27466D+01    |proj g|=  2.91544D-01

At iterate   25    f=  5.27465D+01    |proj g|=  2.96220D-01

At iterate   26    f=  5.27465D+01    |proj g|=  8.86928D-02

           * * *

Tit   = total number of iterations
Tnf   = total number of function evaluations
Tnint = total number of segments explored during Cauchy searches
Skip  = number of BFGS updates skipped
Nact  = number of active bounds at final generalized Cauchy point
Projg = norm of the final projected gradient
F     = final function value

           * * *

   N    Tit     Tnf  Tnint  Skip  Nact     Projg        F
    4     26     58     30     0     2   8.869D-02   5.275D+01
  F =   52.746549000107656     

CONVERGENCE: REL_REDUCTION_OF_F_<=_FACTR*EPSMCH             
