Evaluating  ['../camera_calibration/outputs/fixed_angle_dat_info/2020-01-14_15-20-08.txt', '../camera_calibration/outputs/fixed_angle_dat_info/2020-01-14_15-20-39.txt'] ['../real_robot_data/Jan14_2020_Control_Signals/control_take07.csg', '../real_robot_data/Jan14_2020_Control_Signals/control_take08.csg']
factor = 0.3
Reading ground truth data and control signals...
Data read successfully.
Initial Guess:  [0.07630829 0.77991879 0.43840923 0.72346518]
Initial Loss:  [38.46893746]
Final coefficients:  [0.         0.64028633 0.03671379 0.        ]
Final Loss:  [112.00423216]
RUNNING THE L-BFGS-B CODE

           * * *

Machine precision = 2.220D-16
 N =            4     M =           10

At X0         0 variables are exactly at the bounds

At iterate    0    f=  3.84689D+01    |proj g|=  1.92369D+00

At iterate    1    f=  3.66939D+01    |proj g|=  7.42898D-01

At iterate    2    f=  3.56846D+01    |proj g|=  1.35572D+00
  Positive dir derivative in projection 
  Using the backtracking step 

At iterate    3    f=  3.52428D+01    |proj g|=  1.36369D+00

At iterate    4    f=  3.51706D+01    |proj g|=  1.35691D+00

At iterate    5    f=  3.49638D+01    |proj g|=  6.61455D-01

At iterate    6    f=  3.47912D+01    |proj g|=  2.00000D+00

At iterate    7    f=  3.46145D+01    |proj g|=  6.43576D-01

At iterate    8    f=  3.41615D+01    |proj g|=  1.38044D+00

At iterate    9    f=  3.41396D+01    |proj g|=  6.33478D-01

At iterate   10    f=  3.40035D+01    |proj g|=  6.27697D-01

At iterate   11    f=  3.39556D+01    |proj g|=  1.38146D+00

At iterate   12    f=  3.38996D+01    |proj g|=  1.37787D+00

At iterate   13    f=  3.36139D+01    |proj g|=  9.30342D-02

At iterate   14    f=  3.36079D+01    |proj g|=  6.42690D-01

At iterate   15    f=  3.36056D+01    |proj g|=  6.41400D-01

At iterate   16    f=  3.36047D+01    |proj g|=  1.07261D-01

At iterate   17    f=  3.36047D+01    |proj g|=  1.20751D-01

At iterate   18    f=  3.36047D+01    |proj g|=  1.20581D-01

At iterate   19    f=  3.36047D+01    |proj g|=  1.36722D-01

           * * *

Tit   = total number of iterations
Tnf   = total number of function evaluations
Tnint = total number of segments explored during Cauchy searches
Skip  = number of BFGS updates skipped
Nact  = number of active bounds at final generalized Cauchy point
Projg = norm of the final projected gradient
F     = final function value

           * * *

   N    Tit     Tnf  Tnint  Skip  Nact     Projg        F
    4     19     57     22     0     2   1.367D-01   3.360D+01
  F =   33.604664003519062     

CONVERGENCE: REL_REDUCTION_OF_F_<=_FACTR*EPSMCH             
