Evaluating  ['../camera_calibration/outputs/fixed_angle_dat_info/2020-01-14_15-27-31.txt', '../camera_calibration/outputs/fixed_angle_dat_info/2020-01-14_15-28-09.txt'] ['../real_robot_data/Jan14_2020_Control_Signals/control_take11.csg', '../real_robot_data/Jan14_2020_Control_Signals/control_take12.csg']
factor = 0.9
Reading ground truth data and control signals...
Data read successfully.
Initial Guess:  [0.07630829 0.77991879 0.43840923 0.72346518]
Initial Loss:  [74.33870114]
Final coefficients:  [0.         0.55408004 0.4087028  0.2967174 ]
Final Loss:  [68.12385897]
RUNNING THE L-BFGS-B CODE

           * * *

Machine precision = 2.220D-16
 N =            4     M =           10

At X0         0 variables are exactly at the bounds

At iterate    0    f=  7.43387D+01    |proj g|=  1.56159D+00

At iterate    1    f=  7.38519D+01    |proj g|=  1.92402D+00

At iterate    2    f=  5.95542D+01    |proj g|=  1.32923D+00

At iterate    3    f=  5.93468D+01    |proj g|=  6.71384D-01

At iterate    4    f=  5.89042D+01    |proj g|=  1.86652D+00

At iterate    5    f=  5.81704D+01    |proj g|=  1.45880D+00

At iterate    6    f=  5.74253D+01    |proj g|=  1.46056D+00

At iterate    7    f=  5.73622D+01    |proj g|=  1.45970D+00

At iterate    8    f=  5.71417D+01    |proj g|=  1.44525D+00

At iterate    9    f=  5.71378D+01    |proj g|=  5.56082D-01

At iterate   10    f=  5.71374D+01    |proj g|=  1.44405D+00

At iterate   11    f=  5.71369D+01    |proj g|=  1.44385D+00

At iterate   12    f=  5.71191D+01    |proj g|=  5.55507D-01

At iterate   13    f=  5.71072D+01    |proj g|=  5.54045D-01

At iterate   14    f=  5.71072D+01    |proj g|=  2.78483D-01

At iterate   15    f=  5.71072D+01    |proj g|=  1.34538D-01

At iterate   16    f=  5.71072D+01    |proj g|=  1.16633D-01

At iterate   17    f=  5.71072D+01    |proj g|=  1.09907D-01

At iterate   18    f=  5.71072D+01    |proj g|=  1.03230D-01

At iterate   19    f=  5.71072D+01    |proj g|=  3.17655D-02

           * * *

Tit   = total number of iterations
Tnf   = total number of function evaluations
Tnint = total number of segments explored during Cauchy searches
Skip  = number of BFGS updates skipped
Nact  = number of active bounds at final generalized Cauchy point
Projg = norm of the final projected gradient
F     = final function value

           * * *

   N    Tit     Tnf  Tnint  Skip  Nact     Projg        F
    4     19     51     22     0     1   3.177D-02   5.711D+01
  F =   57.107179625988501     

CONVERGENCE: REL_REDUCTION_OF_F_<=_FACTR*EPSMCH             
