Evaluating  ['../camera_calibration/outputs/fixed_angle_dat_info/2020-01-14_15-11-38.txt', '../camera_calibration/outputs/fixed_angle_dat_info/2020-01-14_15-14-15.txt'] ['../real_robot_data/Jan14_2020_Control_Signals/control_take01.csg', '../real_robot_data/Jan14_2020_Control_Signals/control_take02.csg']
Reading ground truth data and control signals...
Data read successfully.
Initial Guess:  [0.07630829 0.77991879 0.43840923 0.72346518]
Initial Loss:  [83.44158538]
Final coefficients:  [0.20384613 0.72682253 0.74039651 0.4553828 ]
[39.85100615]
Running time for CSG 1: 41.615596532821655
RUNNING THE L-BFGS-B CODE

           * * *

Machine precision = 2.220D-16
 N =            4     M =           10

At X0         0 variables are exactly at the bounds

At iterate    0    f=  8.34416D+01    |proj g|=  1.56159D+00

At iterate    1    f=  6.07165D+01    |proj g|=  1.50609D+00

At iterate    2    f=  5.87091D+01    |proj g|=  1.92401D+00

At iterate    3    f=  5.81329D+01    |proj g|=  1.91910D+00

At iterate    4    f=  5.56229D+01    |proj g|=  1.88958D+00

At iterate    5    f=  4.98141D+01    |proj g|=  1.81975D+00

At iterate    6    f=  4.16303D+01    |proj g|=  1.73729D+00

At iterate    7    f=  4.03474D+01    |proj g|=  1.74985D+00

At iterate    8    f=  4.00370D+01    |proj g|=  1.23737D+00

At iterate    9    f=  4.00346D+01    |proj g|=  1.23740D+00

At iterate   10    f=  4.00157D+01    |proj g|=  7.76693D-01

At iterate   11    f=  4.00070D+01    |proj g|=  1.74924D+00

At iterate   12    f=  3.99242D+01    |proj g|=  1.76372D+00

At iterate   13    f=  3.98548D+01    |proj g|=  1.01348D+00

At iterate   14    f=  3.98510D+01    |proj g|=  1.06007D+00

At iterate   15    f=  3.98510D+01    |proj g|=  1.06007D+00

           * * *

Tit   = total number of iterations
Tnf   = total number of function evaluations
Tnint = total number of segments explored during Cauchy searches
Skip  = number of BFGS updates skipped
Nact  = number of active bounds at final generalized Cauchy point
Projg = norm of the final projected gradient
F     = final function value

           * * *

   N    Tit     Tnf  Tnint  Skip  Nact     Projg        F
    4     15     42     18     0     0   1.060D+00   3.985D+01
  F =   39.851006151918554     

CONVERGENCE: REL_REDUCTION_OF_F_<=_FACTR*EPSMCH             
