Evaluating  ['../camera_calibration/outputs/fixed_angle_dat_info/2020-01-14_15-39-36.txt', '../camera_calibration/outputs/fixed_angle_dat_info/2020-01-14_15-40-02.txt'] ['../real_robot_data/Jan14_2020_Control_Signals/control_take21.csg', '../real_robot_data/Jan14_2020_Control_Signals/control_take22.csg']
Reading ground truth data and control signals...
Data read successfully.
Initial Guess:  [0.07630829 0.77991879 0.43840923 0.72346518]
Initial Loss:  [218.66899311]
Final coefficients:  [0.11135052 0.56186498 0.69144333 0.25258834]
[20.2832307]
Running time for CSG 21: 66.07951712608337
RUNNING THE L-BFGS-B CODE

           * * *

Machine precision = 2.220D-16
 N =            4     M =           10

At X0         0 variables are exactly at the bounds

At iterate    0    f=  2.18669D+02    |proj g|=  1.56159D+00

At iterate    1    f=  8.18853D+01    |proj g|=  1.94321D+00

At iterate    2    f=  5.05073D+01    |proj g|=  1.93477D+00

At iterate    3    f=  4.59593D+01    |proj g|=  1.93076D+00

At iterate    4    f=  4.48119D+01    |proj g|=  1.27484D+00

At iterate    5    f=  4.39352D+01    |proj g|=  1.91126D+00

At iterate    6    f=  4.05276D+01    |proj g|=  1.90955D+00

At iterate    7    f=  3.27745D+01    |proj g|=  1.85579D+00

At iterate    8    f=  2.65628D+01    |proj g|=  1.81927D+00

At iterate    9    f=  2.28280D+01    |proj g|=  1.74007D+00

At iterate   10    f=  2.12903D+01    |proj g|=  1.82443D+00

At iterate   11    f=  2.11993D+01    |proj g|=  1.40463D+00

At iterate   12    f=  2.11657D+01    |proj g|=  1.41014D+00

At iterate   13    f=  2.08338D+01    |proj g|=  1.42196D+00

At iterate   14    f=  2.03867D+01    |proj g|=  1.44407D+00

At iterate   15    f=  2.03017D+01    |proj g|=  1.44364D+00

At iterate   16    f=  2.02860D+01    |proj g|=  1.43985D+00

At iterate   17    f=  2.02853D+01    |proj g|=  1.88732D+00

At iterate   18    f=  2.02838D+01    |proj g|=  1.74780D+00

At iterate   19    f=  2.02833D+01    |proj g|=  1.06892D+00

At iterate   20    f=  2.02832D+01    |proj g|=  1.74743D+00

At iterate   21    f=  2.02832D+01    |proj g|=  7.07937D-01

At iterate   22    f=  2.02832D+01    |proj g|=  9.22341D-01

           * * *

Tit   = total number of iterations
Tnf   = total number of function evaluations
Tnint = total number of segments explored during Cauchy searches
Skip  = number of BFGS updates skipped
Nact  = number of active bounds at final generalized Cauchy point
Projg = norm of the final projected gradient
F     = final function value

           * * *

   N    Tit     Tnf  Tnint  Skip  Nact     Projg        F
    4     23     73     29     0     2   9.223D-01   2.028D+01
  F =   20.283230703683433     

ABNORMAL_TERMINATION_IN_LNSRCH                              
